2025-01-09 11:24:05,532 - INFO - Successfully loaded 7 valid ASINs from /Users/takedownccp/Documents/Cursor/DDU/data/pet_asin_list.txt
2025-01-09 11:24:05,532 - INFO - Starting download for 7 ASINs...
2025-01-09 11:24:05,536 - DEBUG - Executing single product query
2025-01-09 11:24:05,537 - DEBUG - Estimated time to complete 1 request(s) is 0.50 minutes
2025-01-09 11:24:05,538 - DEBUG - 	with a refill rate of 1 token(s) per minute
2025-01-09 11:24:07,095 - DEBUG - 0 tokens consumed
2025-01-09 11:24:07,916 - DEBUG - 5 tokens consumed
2025-01-09 11:24:07,984 - INFO - [1/7] Data saved for ASIN B0012KCUZK
2025-01-09 11:25:07,993 - DEBUG - Executing single product query
2025-01-09 11:25:08,010 - DEBUG - Estimated time to complete 1 request(s) is 0.50 minutes
2025-01-09 11:25:08,011 - DEBUG - 	with a refill rate of 1 token(s) per minute
2025-01-09 11:25:08,418 - DEBUG - 0 tokens consumed
2025-01-09 11:25:18,690 - DEBUG - 6 tokens consumed
2025-01-09 11:25:18,765 - INFO - [2/7] Data saved for ASIN B00OLSB5HE
2025-01-09 11:26:18,834 - DEBUG - Executing single product query
2025-01-09 11:26:18,917 - DEBUG - Estimated time to complete 1 request(s) is 0.50 minutes
2025-01-09 11:26:18,918 - DEBUG - 	with a refill rate of 1 token(s) per minute
2025-01-09 11:26:19,664 - DEBUG - 0 tokens consumed
2025-01-09 11:26:29,425 - DEBUG - 12 tokens consumed
2025-01-09 11:26:29,495 - INFO - [3/7] Data saved for ASIN B09DQ753C4
2025-01-09 11:27:29,542 - DEBUG - Executing single product query
2025-01-09 11:27:29,557 - DEBUG - Estimated time to complete 1 request(s) is 0.50 minutes
2025-01-09 11:27:29,557 - DEBUG - 	with a refill rate of 1 token(s) per minute
2025-01-09 11:27:29,983 - DEBUG - 0 tokens consumed
2025-01-09 11:27:40,291 - WARNING - [4/7] Error processing ASIN B01N3QZTMI (Attempt 1/3): HTTPSConnectionPool(host='api.keepa.com', port=443): Read timed out. (read timeout=10.0) - Retrying in 60 seconds...
2025-01-09 11:28:40,311 - DEBUG - Executing single product query
2025-01-09 11:28:40,329 - DEBUG - Estimated time to complete 1 request(s) is 0.50 minutes
2025-01-09 11:28:40,332 - DEBUG - 	with a refill rate of 1 token(s) per minute
2025-01-09 11:28:40,779 - DEBUG - 0 tokens consumed
2025-01-09 11:28:41,629 - DEBUG - 5 tokens consumed
2025-01-09 11:28:41,696 - INFO - [4/7] Data saved for ASIN B01N3QZTMI
2025-01-09 11:29:41,715 - DEBUG - Executing single product query
2025-01-09 11:29:41,737 - DEBUG - Estimated time to complete 1 request(s) is 1.21 minutes
2025-01-09 11:29:41,740 - DEBUG - 	with a refill rate of 1 token(s) per minute
2025-01-09 11:29:42,201 - DEBUG - 0 tokens consumed
2025-01-09 11:29:42,204 - WARNING - Waiting 12 seconds for additional tokens
2025-01-09 11:29:55,050 - DEBUG - 0 tokens consumed
2025-01-09 11:30:03,334 - DEBUG - 6 tokens consumed
2025-01-09 11:30:03,531 - INFO - [5/7] Data saved for ASIN B001650NNW
2025-01-09 11:31:03,547 - DEBUG - Executing single product query
2025-01-09 11:31:03,562 - DEBUG - Estimated time to complete 1 request(s) is 5.98 minutes
2025-01-09 11:31:03,563 - DEBUG - 	with a refill rate of 1 token(s) per minute
2025-01-09 11:31:04,150 - DEBUG - 0 tokens consumed
2025-01-09 11:31:04,152 - WARNING - Waiting 291 seconds for additional tokens
2025-01-09 11:35:55,626 - DEBUG - 0 tokens consumed
2025-01-09 11:36:05,968 - WARNING - [6/7] Error processing ASIN B00UNLOV74 (Attempt 1/3): HTTPSConnectionPool(host='api.keepa.com', port=443): Read timed out. (read timeout=10.0) - Retrying in 60 seconds...
2025-01-09 11:37:06,002 - DEBUG - Executing single product query
2025-01-09 11:37:06,006 - DEBUG - Estimated time to complete 1 request(s) is 0.50 minutes
2025-01-09 11:37:06,007 - DEBUG - 	with a refill rate of 1 token(s) per minute
2025-01-09 11:37:06,450 - DEBUG - 0 tokens consumed
2025-01-09 11:37:06,451 - WARNING - Waiting 290 seconds for additional tokens
2025-01-09 11:41:56,937 - DEBUG - 0 tokens consumed
2025-01-09 11:41:58,003 - DEBUG - 5 tokens consumed
2025-01-09 11:41:58,087 - INFO - [6/7] Data saved for ASIN B00UNLOV74
2025-01-09 11:42:58,106 - DEBUG - Executing single product query
2025-01-09 11:42:58,136 - DEBUG - Estimated time to complete 1 request(s) is 4.99 minutes
2025-01-09 11:42:58,137 - DEBUG - 	with a refill rate of 1 token(s) per minute
2025-01-09 11:42:58,558 - DEBUG - 0 tokens consumed
2025-01-09 11:42:58,560 - WARNING - Waiting 239 seconds for additional tokens
2025-01-09 11:46:58,712 - DEBUG - 0 tokens consumed
2025-01-09 11:47:06,539 - DEBUG - 6 tokens consumed
2025-01-09 11:47:06,633 - INFO - [7/7] Data saved for ASIN B00WMMMHNM
2025-01-09 11:48:06,648 - INFO - 
Download Summary:
2025-01-09 11:48:06,652 - INFO - Total ASINs: 7
2025-01-09 11:48:06,653 - INFO - Successfully downloaded: 7
2025-01-09 11:48:06,654 - INFO - Failed: 0
2025-01-09 11:48:06,669 - INFO - Download process completed!
2025-01-09 21:56:46,989 - INFO - Connecting to keepa using key ending in j2uehv
2025-01-09 21:56:47,460 - DEBUG - 0 tokens consumed
2025-01-09 21:56:47,462 - INFO - 60 tokens remain
2025-01-09 21:57:01,602 - INFO - Successfully loaded 7512 valid ASINs from /Users/takedownccp/Documents/Cursor/DDU/data/pet_asin_list.txt
2025-01-09 21:57:01,604 - INFO - Starting download for 7512 ASINs...
2025-01-09 21:57:01,605 - INFO - [7/7512] Data for ASIN B0CLBBMPM6 already exists, skipping
2025-01-09 21:57:01,606 - INFO - [8/7512] Data for ASIN B003P9XG9K already exists, skipping
2025-01-09 21:57:01,606 - INFO - [9/7512] Data for ASIN B01J5GE3MA already exists, skipping
2025-01-09 21:57:01,607 - INFO - [10/7512] Data for ASIN B09K8VQJ77 already exists, skipping
2025-01-09 21:57:01,607 - INFO - [11/7512] Data for ASIN B009IOCCD2 already exists, skipping
2025-01-09 21:57:01,608 - INFO - [12/7512] Data for ASIN B0BBT5ND43 already exists, skipping
2025-01-09 21:57:01,608 - INFO - [13/7512] Data for ASIN B07GBHK2TZ already exists, skipping
2025-01-09 21:57:01,608 - INFO - [14/7512] Data for ASIN B00CU2CMOI already exists, skipping
2025-01-09 21:57:01,609 - INFO - [15/7512] Data for ASIN B001F2KB4C already exists, skipping
2025-01-09 21:57:01,610 - INFO - [16/7512] Data for ASIN B0BBT6CZD7 already exists, skipping
2025-01-09 21:57:01,611 - INFO - [17/7512] Data for ASIN B092YHQ1ZD already exists, skipping
2025-01-09 21:57:01,611 - INFO - [18/7512] Data for ASIN B00CKFL93K already exists, skipping
2025-01-09 21:57:01,612 - INFO - [19/7512] Data for ASIN B0C42M839N already exists, skipping
2025-01-09 21:57:01,614 - INFO - [20/7512] Data for ASIN B078YY8HS6 already exists, skipping
2025-01-09 21:57:01,615 - INFO - [21/7512] Data for ASIN B004D3W6X4 already exists, skipping
2025-01-09 21:57:01,617 - INFO - [22/7512] Data for ASIN B001STX13U already exists, skipping
2025-01-09 21:57:01,618 - INFO - [23/7512] Data for ASIN B082BTZ593 already exists, skipping
2025-01-09 21:57:01,620 - INFO - [24/7512] Data for ASIN B06ZZ4679J already exists, skipping
2025-01-09 21:57:01,622 - INFO - [25/7512] Data for ASIN B08P2B6PY9 already exists, skipping
2025-01-09 21:57:01,623 - INFO - [26/7512] Data for ASIN B08MV5Y4BM already exists, skipping
2025-01-09 21:57:01,624 - INFO - [27/7512] Data for ASIN B007V9VQ06 already exists, skipping
2025-01-09 21:57:01,625 - INFO - [28/7512] Data for ASIN B089XVJHFK already exists, skipping
2025-01-09 21:57:01,626 - INFO - [29/7512] Data for ASIN B0CCBHFLVP already exists, skipping
2025-01-09 21:57:01,627 - INFO - [30/7512] Data for ASIN B08YS9KSQR already exists, skipping
2025-01-09 21:57:01,633 - INFO - [31/7512] Data for ASIN B08157SBLM already exists, skipping
2025-01-09 21:57:01,635 - INFO - [32/7512] Data for ASIN B01727R0MO already exists, skipping
2025-01-09 21:57:01,636 - INFO - [33/7512] Data for ASIN B0002LIUAE already exists, skipping
2025-01-09 21:57:01,637 - INFO - [34/7512] Data for ASIN B0828WNJXC already exists, skipping
2025-01-09 21:57:01,639 - INFO - [35/7512] Data for ASIN B000XZFZI4 already exists, skipping
2025-01-09 21:57:01,641 - INFO - [36/7512] Data for ASIN B076YLYVW8 already exists, skipping
2025-01-09 21:57:01,642 - INFO - [37/7512] Data for ASIN B07MWSTLY6 already exists, skipping
2025-01-09 21:57:01,642 - INFO - [38/7512] Data for ASIN B07MK5G4XV already exists, skipping
2025-01-09 21:57:01,643 - INFO - [39/7512] Data for ASIN B07BVL8TQF already exists, skipping
2025-01-09 21:57:01,643 - INFO - [40/7512] Data for ASIN B06W5GWSGZ already exists, skipping
2025-01-09 21:57:01,644 - INFO - [41/7512] Data for ASIN B07C22NTL4 already exists, skipping
2025-01-09 21:57:01,644 - INFO - [42/7512] Data for ASIN B003P9XG22 already exists, skipping
2025-01-09 21:57:01,645 - INFO - [43/7512] Data for ASIN B07BKB8QDT already exists, skipping
2025-01-09 21:57:01,647 - INFO - [44/7512] Data for ASIN B01BKYFR7K already exists, skipping
2025-01-09 21:57:01,647 - INFO - [45/7512] Data for ASIN B07121B839 already exists, skipping
2025-01-09 21:57:01,647 - INFO - [46/7512] Data for ASIN B08XNWX31S already exists, skipping
2025-01-09 21:57:01,648 - INFO - [47/7512] Data for ASIN B0C5NTHD2T already exists, skipping
2025-01-09 21:57:01,648 - INFO - [48/7512] Data for ASIN B007JXVR76 already exists, skipping
2025-01-09 21:57:01,648 - INFO - [49/7512] Data for ASIN B0BZ824R7Z already exists, skipping
2025-01-09 21:57:01,649 - INFO - [50/7512] Data for ASIN B08XY91T66 already exists, skipping
2025-01-09 21:57:01,649 - INFO - [51/7512] Data for ASIN B07F17DZM9 already exists, skipping
2025-01-09 21:57:01,650 - INFO - [52/7512] Data for ASIN B00RZDXA7K already exists, skipping
2025-01-09 21:57:01,650 - INFO - [53/7512] Data for ASIN B073RKPBRC already exists, skipping
2025-01-09 21:57:01,650 - INFO - [54/7512] Data for ASIN B06XZNR4MY already exists, skipping
2025-01-09 21:57:01,651 - INFO - [55/7512] Data for ASIN B076VXBD1F already exists, skipping
2025-01-09 21:57:01,651 - INFO - [56/7512] Data for ASIN B0099FVV14 already exists, skipping
2025-01-09 21:57:01,652 - INFO - [57/7512] Data for ASIN B08VYBKQKS already exists, skipping
2025-01-09 21:57:01,653 - INFO - [58/7512] Data for ASIN B004QBDO0M already exists, skipping
2025-01-09 21:57:01,653 - INFO - [59/7512] Data for ASIN B0C6FQ4QXV already exists, skipping
2025-01-09 21:57:01,653 - INFO - [60/7512] Data for ASIN B00BIZODEU already exists, skipping
2025-01-09 21:57:01,654 - INFO - [61/7512] Data for ASIN B07Y1N619B already exists, skipping
2025-01-09 21:57:01,654 - INFO - [62/7512] Data for ASIN B006W6YHV4 already exists, skipping
2025-01-09 21:57:01,654 - INFO - [63/7512] Data for ASIN B0050JM626 already exists, skipping
2025-01-09 21:57:01,654 - INFO - [64/7512] Data for ASIN B092DFF7B9 already exists, skipping
2025-01-09 21:57:01,655 - INFO - [65/7512] Data for ASIN B08BNPQSJG already exists, skipping
2025-01-09 21:57:01,655 - INFO - [66/7512] Data for ASIN B01MRLPOK6 already exists, skipping
2025-01-09 21:57:01,660 - DEBUG - Executing single product query
2025-01-09 21:57:01,660 - DEBUG - Estimated time to complete 1 request(s) is 0.50 minutes
2025-01-09 21:57:01,661 - DEBUG - 	with a refill rate of 1 token(s) per minute
2025-01-09 21:57:02,177 - DEBUG - 0 tokens consumed
2025-01-09 21:57:02,985 - DEBUG - 5 tokens consumed
2025-01-09 21:57:03,071 - INFO - [67/7512] Data saved for ASIN B07RVD63J1
2025-01-09 21:57:46,993 - INFO - Successfully loaded 7512 valid ASINs from /Users/takedownccp/Documents/Cursor/DDU/data/pet_asin_list.txt
2025-01-09 21:57:46,994 - INFO - Starting download for 7512 ASINs...
2025-01-09 21:57:46,995 - INFO - [67/7512] ASIN B07RVD63J1 already downloaded, skipping
2025-01-09 21:57:46,999 - DEBUG - Executing single product query
2025-01-09 21:57:47,000 - DEBUG - Estimated time to complete 1 request(s) is 0.50 minutes
2025-01-09 21:57:47,000 - DEBUG - 	with a refill rate of 1 token(s) per minute
2025-01-09 21:57:47,415 - DEBUG - 0 tokens consumed
2025-01-09 21:57:49,144 - DEBUG - 1 tokens consumed
2025-01-09 21:57:49,213 - INFO - [68/7512] Data saved for ASIN B089PM6FRC
2025-01-09 21:58:49,226 - DEBUG - Executing single product query
2025-01-09 21:58:49,241 - DEBUG - Estimated time to complete 1 request(s) is 0.50 minutes
2025-01-09 21:58:49,242 - DEBUG - 	with a refill rate of 1 token(s) per minute
2025-01-09 21:58:49,726 - DEBUG - 0 tokens consumed
2025-01-09 21:59:00,027 - WARNING - [69/7512] Error processing ASIN B08RQDM2C7 (Attempt 1/3): HTTPSConnectionPool(host='api.keepa.com', port=443): Read timed out. (read timeout=10.0) - Retrying in 60 seconds...
2025-01-09 22:00:00,039 - DEBUG - Executing single product query
2025-01-09 22:00:00,077 - DEBUG - Estimated time to complete 1 request(s) is 0.50 minutes
2025-01-09 22:00:00,078 - DEBUG - 	with a refill rate of 1 token(s) per minute
2025-01-09 22:00:00,490 - DEBUG - 0 tokens consumed
2025-01-09 22:00:01,324 - DEBUG - 5 tokens consumed
2025-01-09 22:00:01,395 - INFO - [69/7512] Data saved for ASIN B08RQDM2C7
2025-01-09 22:01:01,409 - DEBUG - Executing single product query
2025-01-09 22:01:01,423 - DEBUG - Estimated time to complete 1 request(s) is 0.50 minutes
2025-01-09 22:01:01,424 - DEBUG - 	with a refill rate of 1 token(s) per minute
2025-01-09 22:01:01,834 - DEBUG - 0 tokens consumed
2025-01-09 22:01:10,409 - DEBUG - 6 tokens consumed
2025-01-09 22:01:10,476 - INFO - [70/7512] Data saved for ASIN B07DGYXWX1
2025-01-09 22:02:10,503 - DEBUG - Executing single product query
2025-01-09 22:02:10,536 - DEBUG - Estimated time to complete 1 request(s) is 0.50 minutes
2025-01-09 22:02:10,537 - DEBUG - 	with a refill rate of 1 token(s) per minute
2025-01-09 22:02:14,494 - DEBUG - 0 tokens consumed
2025-01-09 22:02:24,822 - WARNING - [71/7512] Error processing ASIN B01BMBPOJ2 (Attempt 1/3): HTTPSConnectionPool(host='api.keepa.com', port=443): Read timed out. (read timeout=10.0) - Retrying in 60 seconds...
2025-01-09 22:03:24,834 - DEBUG - Executing single product query
2025-01-09 22:03:24,839 - DEBUG - Estimated time to complete 1 request(s) is 0.50 minutes
2025-01-09 22:03:24,840 - DEBUG - 	with a refill rate of 1 token(s) per minute
2025-01-09 22:03:25,270 - DEBUG - 0 tokens consumed
2025-01-09 22:03:26,109 - DEBUG - 5 tokens consumed
2025-01-09 22:03:26,200 - INFO - [71/7512] Data saved for ASIN B01BMBPOJ2
2025-01-09 22:04:26,230 - DEBUG - Executing single product query
2025-01-09 22:04:26,252 - DEBUG - Estimated time to complete 1 request(s) is 0.50 minutes
2025-01-09 22:04:26,253 - DEBUG - 	with a refill rate of 1 token(s) per minute
2025-01-09 22:04:26,669 - DEBUG - 0 tokens consumed
2025-01-09 22:04:37,315 - DEBUG - 6 tokens consumed
2025-01-09 22:04:37,388 - INFO - [72/7512] Data saved for ASIN B000SSXDBM
2025-01-09 22:05:37,403 - DEBUG - Executing single product query
2025-01-09 22:05:37,443 - DEBUG - Estimated time to complete 1 request(s) is 0.50 minutes
2025-01-09 22:05:37,444 - DEBUG - 	with a refill rate of 1 token(s) per minute
2025-01-09 22:05:37,854 - DEBUG - 0 tokens consumed
2025-01-09 22:05:44,392 - DEBUG - 6 tokens consumed
2025-01-09 22:05:44,492 - INFO - [73/7512] Data saved for ASIN B07FJQYVZ6
2025-01-09 22:06:44,537 - DEBUG - Executing single product query
2025-01-09 22:06:44,550 - DEBUG - Estimated time to complete 1 request(s) is 0.50 minutes
2025-01-09 22:06:44,551 - DEBUG - 	with a refill rate of 1 token(s) per minute
2025-01-09 22:06:44,979 - DEBUG - 0 tokens consumed
2025-01-09 22:06:47,066 - DEBUG - 1 tokens consumed
2025-01-09 22:06:47,144 - INFO - [74/7512] Data saved for ASIN B0BMBC1FJX
2025-01-09 22:07:47,160 - DEBUG - Executing single product query
2025-01-09 22:07:47,174 - DEBUG - Estimated time to complete 1 request(s) is 0.50 minutes
2025-01-09 22:07:47,175 - DEBUG - 	with a refill rate of 1 token(s) per minute
2025-01-09 22:07:47,583 - DEBUG - 0 tokens consumed
2025-01-09 22:07:48,421 - DEBUG - 5 tokens consumed
2025-01-09 22:07:48,491 - INFO - [75/7512] Data saved for ASIN B082L3QQCB
2025-01-09 22:08:48,523 - DEBUG - Executing single product query
2025-01-09 22:08:48,530 - DEBUG - Estimated time to complete 1 request(s) is 0.50 minutes
2025-01-09 22:08:48,531 - DEBUG - 	with a refill rate of 1 token(s) per minute
2025-01-09 22:08:48,953 - DEBUG - 0 tokens consumed
2025-01-09 22:08:54,536 - DEBUG - 6 tokens consumed
2025-01-09 22:08:54,556 - INFO - [76/7512] Data saved for ASIN B0CDLL9WN6
2025-01-09 22:09:54,572 - DEBUG - Executing single product query
2025-01-09 22:09:54,577 - DEBUG - Estimated time to complete 1 request(s) is 0.50 minutes
2025-01-09 22:09:54,578 - DEBUG - 	with a refill rate of 1 token(s) per minute
2025-01-09 22:09:56,086 - DEBUG - 0 tokens consumed
2025-01-09 22:10:04,510 - DEBUG - 12 tokens consumed
2025-01-09 22:10:04,620 - INFO - [77/7512] Data saved for ASIN B006W6YHYQ
2025-01-09 22:11:04,650 - DEBUG - Executing single product query
2025-01-09 22:11:04,670 - DEBUG - Estimated time to complete 1 request(s) is 3.24 minutes
2025-01-09 22:11:04,671 - DEBUG - 	with a refill rate of 1 token(s) per minute
2025-01-09 22:11:05,069 - DEBUG - 0 tokens consumed
2025-01-09 22:11:05,072 - WARNING - Waiting 127 seconds for additional tokens
2025-01-09 22:13:12,286 - DEBUG - 0 tokens consumed
2025-01-09 22:13:20,089 - DEBUG - 6 tokens consumed
2025-01-09 22:13:20,164 - INFO - [78/7512] Data saved for ASIN B097S6ZFZB
2025-01-09 22:14:20,188 - DEBUG - Executing single product query
2025-01-09 22:14:20,203 - DEBUG - Estimated time to complete 1 request(s) is 5.99 minutes
2025-01-09 22:14:20,204 - DEBUG - 	with a refill rate of 1 token(s) per minute
2025-01-09 22:14:20,619 - DEBUG - 0 tokens consumed
2025-01-09 22:14:20,620 - WARNING - Waiting 292 seconds for additional tokens
2025-01-09 22:19:13,139 - DEBUG - 0 tokens consumed
2025-01-09 22:19:22,779 - DEBUG - 6 tokens consumed
2025-01-09 22:19:22,837 - INFO - [79/7512] Data saved for ASIN B0BF7NC56Z
2025-01-09 22:20:22,856 - DEBUG - Executing single product query
2025-01-09 22:20:22,859 - DEBUG - Estimated time to complete 1 request(s) is 5.99 minutes
2025-01-09 22:20:22,860 - DEBUG - 	with a refill rate of 1 token(s) per minute
2025-01-09 22:20:23,276 - DEBUG - 0 tokens consumed
2025-01-09 22:20:23,278 - WARNING - Waiting 291 seconds for additional tokens
2025-01-09 22:25:14,305 - DEBUG - 0 tokens consumed
2025-01-09 22:25:19,642 - DEBUG - 6 tokens consumed
2025-01-09 22:25:19,690 - INFO - [80/7512] Data saved for ASIN B0BGJHMJHW
2025-01-09 22:26:19,718 - DEBUG - Executing single product query
2025-01-09 22:26:19,751 - DEBUG - Estimated time to complete 1 request(s) is 5.99 minutes
2025-01-09 22:26:19,752 - DEBUG - 	with a refill rate of 1 token(s) per minute
2025-01-09 22:26:20,186 - DEBUG - 0 tokens consumed
2025-01-09 22:26:20,187 - WARNING - Waiting 295 seconds for additional tokens
2025-01-09 22:31:15,555 - DEBUG - 0 tokens consumed
2025-01-09 22:31:25,891 - WARNING - [81/7512] Error processing ASIN B0CWTVJ6XJ (Attempt 1/3): HTTPSConnectionPool(host='api.keepa.com', port=443): Read timed out. (read timeout=10.0) - Retrying in 60 seconds...
2025-01-09 22:32:25,913 - DEBUG - Executing single product query
2025-01-09 22:32:25,943 - DEBUG - Estimated time to complete 1 request(s) is 0.50 minutes
2025-01-09 22:32:25,944 - DEBUG - 	with a refill rate of 1 token(s) per minute
2025-01-09 22:32:26,406 - DEBUG - 0 tokens consumed
2025-01-09 22:32:26,408 - WARNING - Waiting 290 seconds for additional tokens
2025-01-09 22:37:16,737 - DEBUG - 0 tokens consumed
2025-01-09 22:37:19,075 - DEBUG - 5 tokens consumed
2025-01-09 22:37:19,154 - INFO - [81/7512] Data saved for ASIN B0CWTVJ6XJ
2025-01-09 22:38:19,175 - DEBUG - Executing single product query
2025-01-09 22:38:19,192 - DEBUG - Estimated time to complete 1 request(s) is 5.00 minutes
2025-01-09 22:38:19,193 - DEBUG - 	with a refill rate of 1 token(s) per minute
2025-01-09 22:38:19,617 - DEBUG - 0 tokens consumed
2025-01-09 22:38:19,619 - WARNING - Waiting 238 seconds for additional tokens
2025-01-09 22:42:18,149 - DEBUG - 0 tokens consumed
2025-01-09 22:42:28,464 - WARNING - [82/7512] Error processing ASIN B01AVI1I06 (Attempt 1/3): HTTPSConnectionPool(host='api.keepa.com', port=443): Read timed out. (read timeout=10.0) - Retrying in 60 seconds...
2025-01-09 22:43:28,489 - DEBUG - Executing single product query
2025-01-09 22:43:28,510 - DEBUG - Estimated time to complete 1 request(s) is 0.50 minutes
2025-01-09 22:43:28,510 - DEBUG - 	with a refill rate of 1 token(s) per minute
2025-01-09 22:43:29,601 - DEBUG - 0 tokens consumed
2025-01-09 22:43:29,604 - WARNING - Waiting 289 seconds for additional tokens
2025-01-09 22:48:19,172 - DEBUG - 0 tokens consumed
2025-01-09 22:48:20,189 - DEBUG - 5 tokens consumed
2025-01-09 22:48:20,388 - INFO - [82/7512] Data saved for ASIN B01AVI1I06
2025-01-09 22:49:20,399 - DEBUG - Executing single product query
2025-01-09 22:49:20,417 - DEBUG - Estimated time to complete 1 request(s) is 4.99 minutes
2025-01-09 22:49:20,417 - DEBUG - 	with a refill rate of 1 token(s) per minute
2025-01-09 22:49:21,244 - DEBUG - 0 tokens consumed
2025-01-09 22:49:21,248 - WARNING - Waiting 239 seconds for additional tokens
2025-01-09 22:53:20,596 - DEBUG - 0 tokens consumed
2025-01-09 22:53:30,899 - DEBUG - 6 tokens consumed
2025-01-09 22:53:31,003 - INFO - [83/7512] Data saved for ASIN B000VDR8LA
2025-01-09 22:54:31,048 - DEBUG - Executing single product query
2025-01-09 22:54:31,064 - DEBUG - Estimated time to complete 1 request(s) is 5.99 minutes
2025-01-09 22:54:31,065 - DEBUG - 	with a refill rate of 1 token(s) per minute
2025-01-09 22:54:31,488 - DEBUG - 0 tokens consumed
2025-01-09 22:54:31,490 - WARNING - Waiting 289 seconds for additional tokens
2025-01-09 22:59:21,390 - DEBUG - 0 tokens consumed
2025-01-09 22:59:29,374 - DEBUG - 6 tokens consumed
2025-01-09 22:59:29,460 - INFO - [84/7512] Data saved for ASIN B006WW861K
2025-01-09 23:00:29,482 - DEBUG - Executing single product query
2025-01-09 23:00:29,493 - DEBUG - Estimated time to complete 1 request(s) is 5.99 minutes
2025-01-09 23:00:29,495 - DEBUG - 	with a refill rate of 1 token(s) per minute
2025-01-09 23:00:29,933 - DEBUG - 0 tokens consumed
2025-01-09 23:00:29,934 - WARNING - Waiting 292 seconds for additional tokens
2025-01-09 23:05:22,589 - DEBUG - 0 tokens consumed
2025-01-09 23:05:30,051 - DEBUG - 6 tokens consumed
2025-01-09 23:05:30,156 - INFO - [85/7512] Data saved for ASIN B00N240SQ2
2025-01-09 23:06:30,178 - DEBUG - Executing single product query
2025-01-09 23:06:30,195 - DEBUG - Estimated time to complete 1 request(s) is 5.99 minutes
2025-01-09 23:06:30,196 - DEBUG - 	with a refill rate of 1 token(s) per minute
2025-01-09 23:06:30,666 - DEBUG - 0 tokens consumed
2025-01-09 23:06:30,669 - WARNING - Waiting 293 seconds for additional tokens
2025-01-09 23:11:23,760 - DEBUG - 0 tokens consumed
2025-01-09 23:11:34,072 - WARNING - [86/7512] Error processing ASIN B013T6P7M2 (Attempt 1/3): HTTPSConnectionPool(host='api.keepa.com', port=443): Read timed out. (read timeout=10.0) - Retrying in 60 seconds...
2025-01-09 23:12:34,100 - DEBUG - Executing single product query
2025-01-09 23:12:34,105 - DEBUG - Estimated time to complete 1 request(s) is 0.50 minutes
2025-01-09 23:12:34,106 - DEBUG - 	with a refill rate of 1 token(s) per minute
2025-01-09 23:12:34,691 - DEBUG - 0 tokens consumed
2025-01-09 23:12:34,693 - WARNING - Waiting 290 seconds for additional tokens
2025-01-09 23:17:25,027 - DEBUG - 0 tokens consumed
2025-01-09 23:17:25,878 - DEBUG - 5 tokens consumed
2025-01-09 23:17:25,968 - INFO - [86/7512] Data saved for ASIN B013T6P7M2
2025-01-09 23:18:25,995 - DEBUG - Executing single product query
2025-01-09 23:18:26,011 - DEBUG - Estimated time to complete 1 request(s) is 4.99 minutes
2025-01-09 23:18:26,012 - DEBUG - 	with a refill rate of 1 token(s) per minute
2025-01-09 23:18:26,439 - DEBUG - 0 tokens consumed
2025-01-09 23:18:26,440 - WARNING - Waiting 239 seconds for additional tokens
2025-01-09 23:22:26,196 - DEBUG - 0 tokens consumed
2025-01-09 23:22:33,459 - DEBUG - 6 tokens consumed
2025-01-09 23:22:33,561 - INFO - [87/7512] Data saved for ASIN B079QCXTXF
2025-01-09 23:23:33,587 - DEBUG - Executing single product query
2025-01-09 23:23:33,592 - DEBUG - Estimated time to complete 1 request(s) is 5.99 minutes
2025-01-09 23:23:33,593 - DEBUG - 	with a refill rate of 1 token(s) per minute
2025-01-09 23:23:34,025 - DEBUG - 0 tokens consumed
2025-01-09 23:23:34,026 - WARNING - Waiting 293 seconds for additional tokens
2025-01-09 23:28:27,358 - DEBUG - 0 tokens consumed
2025-01-09 23:28:37,680 - WARNING - [88/7512] Error processing ASIN B00JT3TP1O (Attempt 1/3): HTTPSConnectionPool(host='api.keepa.com', port=443): Read timed out. (read timeout=10.0) - Retrying in 60 seconds...
2025-01-09 23:29:37,698 - DEBUG - Executing single product query
2025-01-09 23:29:37,715 - DEBUG - Estimated time to complete 1 request(s) is 0.01 minutes
2025-01-09 23:29:37,716 - DEBUG - 	with a refill rate of 1 token(s) per minute
2025-01-09 23:29:38,149 - DEBUG - 0 tokens consumed
2025-01-09 23:29:38,152 - WARNING - Waiting 290 seconds for additional tokens
2025-01-09 23:34:29,319 - DEBUG - 0 tokens consumed
2025-01-09 23:34:30,286 - DEBUG - 5 tokens consumed
2025-01-09 23:34:30,398 - INFO - [88/7512] Data saved for ASIN B00JT3TP1O
2025-01-09 23:35:30,424 - DEBUG - Executing single product query
2025-01-09 23:35:30,458 - DEBUG - Estimated time to complete 1 request(s) is 4.99 minutes
2025-01-09 23:35:30,459 - DEBUG - 	with a refill rate of 1 token(s) per minute
2025-01-09 23:35:30,893 - DEBUG - 0 tokens consumed
2025-01-09 23:35:30,894 - WARNING - Waiting 239 seconds for additional tokens
2025-01-09 23:39:30,388 - DEBUG - 0 tokens consumed
2025-01-09 23:39:40,711 - WARNING - [89/7512] Error processing ASIN B07M623FD4 (Attempt 1/3): HTTPSConnectionPool(host='api.keepa.com', port=443): Read timed out. (read timeout=10.0) - Retrying in 60 seconds...
2025-01-09 23:40:40,735 - DEBUG - Executing single product query
2025-01-09 23:40:40,754 - DEBUG - Estimated time to complete 1 request(s) is 0.50 minutes
2025-01-09 23:40:40,756 - DEBUG - 	with a refill rate of 1 token(s) per minute
2025-01-09 23:40:41,375 - DEBUG - 0 tokens consumed
2025-01-09 23:40:41,376 - WARNING - Waiting 290 seconds for additional tokens
2025-01-09 23:45:31,657 - DEBUG - 0 tokens consumed
2025-01-09 23:45:32,408 - DEBUG - 5 tokens consumed
2025-01-09 23:45:32,476 - INFO - [89/7512] Data saved for ASIN B07M623FD4
2025-01-09 23:46:32,499 - DEBUG - Executing single product query
2025-01-09 23:46:32,523 - DEBUG - Estimated time to complete 1 request(s) is 4.99 minutes
2025-01-09 23:46:32,523 - DEBUG - 	with a refill rate of 1 token(s) per minute
2025-01-09 23:46:32,946 - DEBUG - 0 tokens consumed
2025-01-09 23:46:32,947 - WARNING - Waiting 239 seconds for additional tokens
2025-01-09 23:50:32,627 - DEBUG - 0 tokens consumed
2025-01-09 23:50:33,374 - DEBUG - 5 tokens consumed
2025-01-09 23:50:33,437 - INFO - [90/7512] Data saved for ASIN B0C5Y7XFQ7
2025-01-09 23:51:33,458 - DEBUG - Executing single product query
2025-01-09 23:51:33,465 - DEBUG - Estimated time to complete 1 request(s) is 4.99 minutes
2025-01-09 23:51:33,466 - DEBUG - 	with a refill rate of 1 token(s) per minute
2025-01-09 23:51:33,887 - DEBUG - 0 tokens consumed
2025-01-09 23:51:33,889 - WARNING - Waiting 239 seconds for additional tokens
2025-01-09 23:55:33,633 - DEBUG - 0 tokens consumed
2025-01-09 23:55:39,808 - DEBUG - 6 tokens consumed
2025-01-09 23:55:39,905 - INFO - [91/7512] Data saved for ASIN B003YKWIGC
2025-01-09 23:56:39,933 - DEBUG - Executing single product query
2025-01-09 23:56:39,954 - DEBUG - Estimated time to complete 1 request(s) is 5.99 minutes
2025-01-09 23:56:39,955 - DEBUG - 	with a refill rate of 1 token(s) per minute
2025-01-09 23:56:40,369 - DEBUG - 0 tokens consumed
2025-01-09 23:56:40,372 - WARNING - Waiting 294 seconds for additional tokens
2025-01-10 00:01:34,611 - DEBUG - 0 tokens consumed
2025-01-10 00:01:42,091 - DEBUG - 6 tokens consumed
2025-01-10 00:01:42,150 - INFO - [92/7512] Data saved for ASIN B0BW5SFYMG
2025-01-10 00:02:42,185 - DEBUG - Executing single product query
2025-01-10 00:02:42,190 - DEBUG - Estimated time to complete 1 request(s) is 5.99 minutes
2025-01-10 00:02:42,193 - DEBUG - 	with a refill rate of 1 token(s) per minute
2025-01-10 00:02:42,659 - DEBUG - 0 tokens consumed
2025-01-10 00:02:42,660 - WARNING - Waiting 293 seconds for additional tokens
2025-01-10 00:07:35,854 - DEBUG - 0 tokens consumed
2025-01-10 00:07:46,183 - WARNING - [93/7512] Error processing ASIN B000V5NVQ4 (Attempt 1/3): HTTPSConnectionPool(host='api.keepa.com', port=443): Read timed out. (read timeout=10.0) - Retrying in 60 seconds...
2025-01-10 00:08:46,201 - DEBUG - Executing single product query
2025-01-10 00:08:46,215 - DEBUG - Estimated time to complete 1 request(s) is 0.01 minutes
2025-01-10 00:08:46,216 - DEBUG - 	with a refill rate of 1 token(s) per minute
2025-01-10 00:08:46,648 - DEBUG - 0 tokens consumed
2025-01-10 00:08:46,650 - WARNING - Waiting 290 seconds for additional tokens
2025-01-10 00:13:37,695 - DEBUG - 0 tokens consumed
2025-01-10 00:13:38,540 - DEBUG - 5 tokens consumed
2025-01-10 00:13:38,670 - INFO - [93/7512] Data saved for ASIN B000V5NVQ4
2025-01-10 00:14:38,695 - DEBUG - Executing single product query
2025-01-10 00:14:38,713 - DEBUG - Estimated time to complete 1 request(s) is 4.99 minutes
2025-01-10 00:14:38,717 - DEBUG - 	with a refill rate of 1 token(s) per minute
2025-01-10 00:14:39,291 - DEBUG - 0 tokens consumed
2025-01-10 00:14:39,294 - WARNING - Waiting 239 seconds for additional tokens
2025-01-10 00:18:38,674 - DEBUG - 0 tokens consumed
2025-01-10 00:18:48,986 - WARNING - [94/7512] Error processing ASIN B000OUNXXW (Attempt 1/3): HTTPSConnectionPool(host='api.keepa.com', port=443): Read timed out. (read timeout=10.0) - Retrying in 60 seconds...
2025-01-10 00:19:49,021 - DEBUG - Executing single product query
2025-01-10 00:19:49,027 - DEBUG - Estimated time to complete 1 request(s) is 0.50 minutes
2025-01-10 00:19:49,028 - DEBUG - 	with a refill rate of 1 token(s) per minute
2025-01-10 00:19:49,434 - DEBUG - 0 tokens consumed
2025-01-10 00:19:50,282 - DEBUG - 5 tokens consumed
2025-01-10 00:19:50,359 - INFO - [94/7512] Data saved for ASIN B000OUNXXW
2025-01-10 00:20:50,392 - DEBUG - Executing single product query
2025-01-10 00:20:50,401 - DEBUG - Estimated time to complete 1 request(s) is 4.82 minutes
2025-01-10 00:20:50,401 - DEBUG - 	with a refill rate of 1 token(s) per minute
2025-01-10 00:20:50,826 - DEBUG - 0 tokens consumed
2025-01-10 00:20:50,827 - WARNING - Waiting 229 seconds for additional tokens
2025-01-10 00:24:40,309 - DEBUG - 0 tokens consumed
2025-01-10 00:24:48,027 - DEBUG - 6 tokens consumed
2025-01-10 00:24:48,108 - INFO - [95/7512] Data saved for ASIN B0716DFHDX
2025-01-10 00:25:48,123 - DEBUG - Executing single product query
2025-01-10 00:25:48,133 - DEBUG - Estimated time to complete 1 request(s) is 5.99 minutes
2025-01-10 00:25:48,134 - DEBUG - 	with a refill rate of 1 token(s) per minute
2025-01-10 00:25:48,539 - DEBUG - 0 tokens consumed
2025-01-10 00:25:48,541 - WARNING - Waiting 292 seconds for additional tokens
2025-01-10 00:30:41,368 - DEBUG - 0 tokens consumed
2025-01-10 00:30:50,657 - DEBUG - 12 tokens consumed
2025-01-10 00:30:50,757 - INFO - [96/7512] Data saved for ASIN B001QCSHLK
2025-01-10 00:31:50,871 - DEBUG - Executing single product query
2025-01-10 00:31:50,879 - DEBUG - Estimated time to complete 1 request(s) is 11.99 minutes
2025-01-10 00:31:50,880 - DEBUG - 	with a refill rate of 1 token(s) per minute
2025-01-10 00:31:51,309 - DEBUG - 0 tokens consumed
2025-01-10 00:31:51,312 - WARNING - Waiting 651 seconds for additional tokens
2025-01-10 00:42:42,580 - DEBUG - 0 tokens consumed
2025-01-10 00:42:43,529 - DEBUG - 0 tokens consumed
2025-01-10 00:42:43,532 - WARNING - Waiting 1 seconds for additional tokens
2025-01-10 00:42:48,659 - DEBUG - 0 tokens consumed
2025-01-10 00:42:56,359 - DEBUG - 6 tokens consumed
2025-01-10 00:42:56,473 - INFO - [97/7512] Data saved for ASIN B0081KTPQQ
2025-01-10 00:43:56,485 - DEBUG - Executing single product query
2025-01-10 00:43:56,504 - DEBUG - Estimated time to complete 1 request(s) is 5.92 minutes
2025-01-10 00:43:56,504 - DEBUG - 	with a refill rate of 1 token(s) per minute
2025-01-10 00:43:56,932 - DEBUG - 0 tokens consumed
2025-01-10 00:43:56,933 - WARNING - Waiting 288 seconds for additional tokens
2025-01-10 00:48:45,449 - DEBUG - 0 tokens consumed
2025-01-10 00:48:46,824 - DEBUG - 5 tokens consumed
2025-01-10 00:48:46,930 - INFO - [98/7512] Data saved for ASIN B01IRO7WR4
2025-01-10 00:49:46,938 - DEBUG - Executing single product query
2025-01-10 00:49:46,941 - DEBUG - Estimated time to complete 1 request(s) is 4.99 minutes
2025-01-10 00:49:46,942 - DEBUG - 	with a refill rate of 1 token(s) per minute
2025-01-10 00:49:47,373 - DEBUG - 0 tokens consumed
2025-01-10 00:49:47,375 - WARNING - Waiting 239 seconds for additional tokens
2025-01-10 00:53:46,406 - DEBUG - 0 tokens consumed
2025-01-10 00:53:47,484 - DEBUG - 5 tokens consumed
2025-01-10 00:53:47,524 - INFO - [99/7512] Data saved for ASIN B0C33KN3FX
2025-01-10 00:54:47,535 - DEBUG - Executing single product query
2025-01-10 00:54:47,550 - DEBUG - Estimated time to complete 1 request(s) is 4.99 minutes
2025-01-10 00:54:47,551 - DEBUG - 	with a refill rate of 1 token(s) per minute
2025-01-10 00:54:47,963 - DEBUG - 0 tokens consumed
2025-01-10 00:54:47,964 - WARNING - Waiting 239 seconds for additional tokens
2025-01-10 00:58:48,689 - DEBUG - 0 tokens consumed
2025-01-10 00:58:59,008 - WARNING - [100/7512] Error processing ASIN B0CFG8WZDJ (Attempt 1/3): HTTPSConnectionPool(host='api.keepa.com', port=443): Read timed out. (read timeout=10.0) - Retrying in 60 seconds...
2025-01-10 00:59:59,034 - DEBUG - Executing single product query
2025-01-10 00:59:59,043 - DEBUG - Estimated time to complete 1 request(s) is 0.50 minutes
2025-01-10 00:59:59,044 - DEBUG - 	with a refill rate of 1 token(s) per minute
2025-01-10 00:59:59,466 - DEBUG - 0 tokens consumed
2025-01-10 00:59:59,467 - WARNING - Waiting 289 seconds for additional tokens
2025-01-10 01:04:48,580 - DEBUG - 0 tokens consumed
2025-01-10 01:04:49,109 - DEBUG - 5 tokens consumed
2025-01-10 01:04:49,155 - INFO - [100/7512] Data saved for ASIN B0CFG8WZDJ
2025-01-10 01:05:49,179 - DEBUG - Executing single product query
2025-01-10 01:05:49,215 - DEBUG - Estimated time to complete 1 request(s) is 4.99 minutes
2025-01-10 01:05:49,216 - DEBUG - 	with a refill rate of 1 token(s) per minute
2025-01-10 01:05:49,970 - DEBUG - 0 tokens consumed
2025-01-10 01:05:49,972 - WARNING - Waiting 239 seconds for additional tokens
2025-01-10 01:09:49,924 - DEBUG - 0 tokens consumed
2025-01-10 01:09:59,028 - DEBUG - 6 tokens consumed
2025-01-10 01:09:59,515 - INFO - [101/7512] Data saved for ASIN B015EE4D0Y
2025-01-10 01:10:59,531 - DEBUG - Executing single product query
2025-01-10 01:10:59,534 - DEBUG - Estimated time to complete 1 request(s) is 5.99 minutes
2025-01-10 01:10:59,535 - DEBUG - 	with a refill rate of 1 token(s) per minute
2025-01-10 01:10:59,947 - DEBUG - 0 tokens consumed
2025-01-10 01:10:59,949 - WARNING - Waiting 290 seconds for additional tokens
2025-01-10 01:15:50,914 - DEBUG - 0 tokens consumed
2025-01-10 01:15:58,582 - DEBUG - 6 tokens consumed
2025-01-10 01:15:58,724 - INFO - [102/7512] Data saved for ASIN B0002J1FOE
2025-01-10 01:16:58,769 - DEBUG - Executing single product query
2025-01-10 01:16:58,788 - DEBUG - Estimated time to complete 1 request(s) is 5.99 minutes
2025-01-10 01:16:58,790 - DEBUG - 	with a refill rate of 1 token(s) per minute
2025-01-10 01:16:59,209 - DEBUG - 0 tokens consumed
2025-01-10 01:16:59,210 - WARNING - Waiting 292 seconds for additional tokens
2025-01-10 01:21:52,073 - DEBUG - 0 tokens consumed
2025-01-10 01:22:01,515 - DEBUG - 6 tokens consumed
2025-01-10 01:22:01,588 - INFO - [103/7512] Data saved for ASIN B008572K3K
2025-01-10 01:23:01,626 - DEBUG - Executing single product query
2025-01-10 01:23:01,630 - DEBUG - Estimated time to complete 1 request(s) is 5.99 minutes
2025-01-10 01:23:01,631 - DEBUG - 	with a refill rate of 1 token(s) per minute
2025-01-10 01:23:02,181 - DEBUG - 0 tokens consumed
2025-01-10 01:23:02,182 - WARNING - Waiting 291 seconds for additional tokens
2025-01-10 01:27:53,649 - DEBUG - 0 tokens consumed
2025-01-10 01:28:01,497 - DEBUG - 6 tokens consumed
2025-01-10 01:28:01,620 - INFO - [104/7512] Data saved for ASIN B003ULL1NQ
2025-01-10 01:29:01,644 - DEBUG - Executing single product query
2025-01-10 01:29:01,674 - DEBUG - Estimated time to complete 1 request(s) is 5.99 minutes
2025-01-10 01:29:01,675 - DEBUG - 	with a refill rate of 1 token(s) per minute
2025-01-10 01:29:02,232 - DEBUG - 0 tokens consumed
2025-01-10 01:29:02,234 - WARNING - Waiting 292 seconds for additional tokens
2025-01-10 01:33:54,870 - DEBUG - 0 tokens consumed
2025-01-10 01:34:03,473 - DEBUG - 6 tokens consumed
2025-01-10 01:34:03,524 - INFO - [105/7512] Data saved for ASIN B08TJM5ZFW
2025-01-10 01:35:03,555 - DEBUG - Executing single product query
2025-01-10 01:35:03,568 - DEBUG - Estimated time to complete 1 request(s) is 5.99 minutes
2025-01-10 01:35:03,569 - DEBUG - 	with a refill rate of 1 token(s) per minute
2025-01-10 01:35:04,168 - DEBUG - 0 tokens consumed
2025-01-10 01:35:04,169 - WARNING - Waiting 291 seconds for additional tokens
2025-01-10 01:39:56,048 - DEBUG - 0 tokens consumed
2025-01-10 01:40:06,361 - WARNING - [106/7512] Error processing ASIN B01N7JMRGM (Attempt 1/3): HTTPSConnectionPool(host='api.keepa.com', port=443): Read timed out. (read timeout=10.0) - Retrying in 60 seconds...
2025-01-10 01:41:06,394 - DEBUG - Executing single product query
2025-01-10 01:41:06,400 - DEBUG - Estimated time to complete 1 request(s) is 0.50 minutes
2025-01-10 01:41:06,401 - DEBUG - 	with a refill rate of 1 token(s) per minute
2025-01-10 01:41:06,854 - DEBUG - 0 tokens consumed
2025-01-10 01:41:06,856 - WARNING - Waiting 290 seconds for additional tokens
2025-01-10 01:45:57,241 - DEBUG - 0 tokens consumed
2025-01-10 01:45:59,252 - DEBUG - 5 tokens consumed
2025-01-10 01:45:59,316 - INFO - [106/7512] Data saved for ASIN B01N7JMRGM
2025-01-10 01:46:59,335 - DEBUG - Executing single product query
2025-01-10 01:46:59,341 - DEBUG - Estimated time to complete 1 request(s) is 4.99 minutes
2025-01-10 01:46:59,342 - DEBUG - 	with a refill rate of 1 token(s) per minute
2025-01-10 01:46:59,762 - DEBUG - 0 tokens consumed
2025-01-10 01:46:59,765 - WARNING - Waiting 238 seconds for additional tokens
2025-01-10 01:50:58,503 - DEBUG - 0 tokens consumed
2025-01-10 01:50:59,345 - DEBUG - 5 tokens consumed
2025-01-10 01:50:59,430 - INFO - [107/7512] Data saved for ASIN B0BCX754DW
2025-01-10 01:51:59,458 - DEBUG - Executing single product query
2025-01-10 01:51:59,470 - DEBUG - Estimated time to complete 1 request(s) is 4.99 minutes
2025-01-10 01:51:59,472 - DEBUG - 	with a refill rate of 1 token(s) per minute
2025-01-10 01:52:00,166 - DEBUG - 0 tokens consumed
2025-01-10 01:52:00,169 - WARNING - Waiting 239 seconds for additional tokens
2025-01-10 01:55:59,508 - DEBUG - 0 tokens consumed
2025-01-10 01:56:09,546 - DEBUG - 6 tokens consumed
2025-01-10 01:56:09,615 - INFO - [108/7512] Data saved for ASIN B086Y746G6
2025-01-10 01:57:09,636 - DEBUG - Executing single product query
2025-01-10 01:57:09,641 - DEBUG - Estimated time to complete 1 request(s) is 5.99 minutes
2025-01-10 01:57:09,643 - DEBUG - 	with a refill rate of 1 token(s) per minute
2025-01-10 01:57:10,084 - DEBUG - 0 tokens consumed
2025-01-10 01:57:10,087 - WARNING - Waiting 290 seconds for additional tokens
2025-01-10 02:02:00,717 - DEBUG - 0 tokens consumed
2025-01-10 02:02:11,038 - WARNING - [109/7512] Error processing ASIN B08294GHXY (Attempt 1/3): HTTPSConnectionPool(host='api.keepa.com', port=443): Read timed out. (read timeout=10.0) - Retrying in 60 seconds...
2025-01-10 02:03:11,069 - DEBUG - Executing single product query
2025-01-10 02:03:11,074 - DEBUG - Estimated time to complete 1 request(s) is 0.50 minutes
2025-01-10 02:03:11,075 - DEBUG - 	with a refill rate of 1 token(s) per minute
2025-01-10 02:03:11,606 - DEBUG - 0 tokens consumed
2025-01-10 02:03:11,611 - WARNING - Waiting 290 seconds for additional tokens
2025-01-10 02:08:01,912 - DEBUG - 0 tokens consumed
2025-01-10 02:08:02,766 - DEBUG - 5 tokens consumed
2025-01-10 02:08:02,838 - INFO - [109/7512] Data saved for ASIN B08294GHXY
2025-01-10 02:09:02,869 - DEBUG - Executing single product query
2025-01-10 02:09:02,892 - DEBUG - Estimated time to complete 1 request(s) is 4.99 minutes
2025-01-10 02:09:02,893 - DEBUG - 	with a refill rate of 1 token(s) per minute
2025-01-10 02:09:03,811 - DEBUG - 0 tokens consumed
2025-01-10 02:09:03,812 - WARNING - Waiting 239 seconds for additional tokens
2025-01-10 02:13:03,112 - DEBUG - 0 tokens consumed
2025-01-10 02:13:04,079 - DEBUG - 5 tokens consumed
2025-01-10 02:13:04,232 - INFO - [110/7512] Data saved for ASIN B01AMTU1ZM
2025-01-10 02:14:04,255 - DEBUG - Executing single product query
2025-01-10 02:14:04,258 - DEBUG - Estimated time to complete 1 request(s) is 4.99 minutes
2025-01-10 02:14:04,259 - DEBUG - 	with a refill rate of 1 token(s) per minute
2025-01-10 02:14:04,668 - DEBUG - 0 tokens consumed
2025-01-10 02:14:04,670 - WARNING - Waiting 239 seconds for additional tokens
2025-01-10 02:18:04,268 - DEBUG - 0 tokens consumed
2025-01-10 02:18:12,792 - DEBUG - 6 tokens consumed
2025-01-10 02:18:12,865 - INFO - [111/7512] Data saved for ASIN B088BDTMW2
2025-01-10 02:19:12,886 - DEBUG - Executing single product query
2025-01-10 02:19:12,896 - DEBUG - Estimated time to complete 1 request(s) is 5.99 minutes
2025-01-10 02:19:12,898 - DEBUG - 	with a refill rate of 1 token(s) per minute
2025-01-10 02:19:13,321 - DEBUG - 0 tokens consumed
2025-01-10 02:19:13,323 - WARNING - Waiting 292 seconds for additional tokens
2025-01-10 02:24:05,384 - DEBUG - 0 tokens consumed
2025-01-10 02:24:12,396 - DEBUG - 6 tokens consumed
2025-01-10 02:24:12,453 - INFO - [112/7512] Data saved for ASIN B0131GM34U
2025-01-10 02:25:12,465 - DEBUG - Executing single product query
2025-01-10 02:25:12,469 - DEBUG - Estimated time to complete 1 request(s) is 5.01 minutes
2025-01-10 02:25:12,470 - DEBUG - 	with a refill rate of 1 token(s) per minute
2025-01-10 02:25:12,900 - DEBUG - 0 tokens consumed
2025-01-10 02:25:12,902 - WARNING - Waiting 294 seconds for additional tokens
2025-01-10 02:30:07,243 - DEBUG - 0 tokens consumed
2025-01-10 02:30:17,563 - WARNING - [113/7512] Error processing ASIN B07KX2GWTW (Attempt 1/3): HTTPSConnectionPool(host='api.keepa.com', port=443): Read timed out. (read timeout=10.0) - Retrying in 60 seconds...
2025-01-10 02:31:17,584 - DEBUG - Executing single product query
2025-01-10 02:31:17,605 - DEBUG - Estimated time to complete 1 request(s) is 0.50 minutes
2025-01-10 02:31:17,606 - DEBUG - 	with a refill rate of 1 token(s) per minute
2025-01-10 02:31:18,030 - DEBUG - 0 tokens consumed
2025-01-10 02:31:23,313 - DEBUG - 6 tokens consumed
2025-01-10 02:31:23,404 - INFO - [113/7512] Data saved for ASIN B07KX2GWTW
2025-01-10 02:32:23,436 - DEBUG - Executing single product query
2025-01-10 02:32:23,445 - DEBUG - Estimated time to complete 1 request(s) is 5.81 minutes
2025-01-10 02:32:23,446 - DEBUG - 	with a refill rate of 1 token(s) per minute
2025-01-10 02:32:23,909 - DEBUG - 0 tokens consumed
2025-01-10 02:32:23,916 - WARNING - Waiting 284 seconds for additional tokens
2025-01-10 02:37:08,513 - DEBUG - 0 tokens consumed
2025-01-10 02:37:16,930 - DEBUG - 12 tokens consumed
2025-01-10 02:37:17,017 - INFO - [114/7512] Data saved for ASIN B0812LJ14T
2025-01-10 02:38:17,061 - DEBUG - Executing single product query
2025-01-10 02:38:17,085 - DEBUG - Estimated time to complete 1 request(s) is 11.99 minutes
2025-01-10 02:38:17,087 - DEBUG - 	with a refill rate of 1 token(s) per minute
2025-01-10 02:38:17,506 - DEBUG - 0 tokens consumed
2025-01-10 02:38:17,508 - WARNING - Waiting 652 seconds for additional tokens
2025-01-10 02:49:09,862 - DEBUG - 0 tokens consumed
2025-01-10 02:49:10,730 - DEBUG - 0 tokens consumed
2025-01-10 02:49:21,063 - WARNING - [115/7512] Error processing ASIN B08XY7D7BL (Attempt 1/3): HTTPSConnectionPool(host='api.keepa.com', port=443): Read timed out. (read timeout=10.0) - Retrying in 60 seconds...
2025-01-10 02:50:21,090 - DEBUG - Executing single product query
2025-01-10 02:50:21,112 - DEBUG - Estimated time to complete 1 request(s) is 0.50 minutes
2025-01-10 02:50:21,114 - DEBUG - 	with a refill rate of 1 token(s) per minute
2025-01-10 02:50:21,713 - DEBUG - 0 tokens consumed
2025-01-10 02:50:21,715 - WARNING - Waiting 290 seconds for additional tokens
2025-01-10 02:55:12,375 - DEBUG - 0 tokens consumed
2025-01-10 02:55:13,231 - DEBUG - 5 tokens consumed
2025-01-10 02:55:13,339 - INFO - [115/7512] Data saved for ASIN B08XY7D7BL
2025-01-10 02:56:13,371 - DEBUG - Executing single product query
2025-01-10 02:56:13,377 - DEBUG - Estimated time to complete 1 request(s) is 4.99 minutes
2025-01-10 02:56:13,378 - DEBUG - 	with a refill rate of 1 token(s) per minute
2025-01-10 02:56:14,012 - DEBUG - 0 tokens consumed
2025-01-10 02:56:14,013 - WARNING - Waiting 239 seconds for additional tokens
2025-01-10 03:00:13,679 - DEBUG - 0 tokens consumed
2025-01-10 03:00:15,617 - DEBUG - 5 tokens consumed
2025-01-10 03:00:15,696 - INFO - [116/7512] Data saved for ASIN B07NF9VV22
2025-01-10 03:01:15,726 - DEBUG - Executing single product query
2025-01-10 03:01:15,751 - DEBUG - Estimated time to complete 1 request(s) is 4.99 minutes
2025-01-10 03:01:15,752 - DEBUG - 	with a refill rate of 1 token(s) per minute
2025-01-10 03:01:16,178 - DEBUG - 0 tokens consumed
2025-01-10 03:01:16,180 - WARNING - Waiting 238 seconds for additional tokens
2025-01-10 03:05:14,954 - DEBUG - 0 tokens consumed
2025-01-10 03:05:25,051 - DEBUG - 6 tokens consumed
2025-01-10 03:05:25,111 - INFO - [117/7512] Data saved for ASIN B0BCXC679T
2025-01-10 03:06:25,147 - DEBUG - Executing single product query
2025-01-10 03:06:25,162 - DEBUG - Estimated time to complete 1 request(s) is 5.99 minutes
2025-01-10 03:06:25,163 - DEBUG - 	with a refill rate of 1 token(s) per minute
2025-01-10 03:06:25,616 - DEBUG - 0 tokens consumed
2025-01-10 03:06:25,618 - WARNING - Waiting 290 seconds for additional tokens
2025-01-10 03:11:16,177 - DEBUG - 0 tokens consumed
2025-01-10 03:11:26,512 - WARNING - [118/7512] Error processing ASIN B0CYHF6PF4 (Attempt 1/3): HTTPSConnectionPool(host='api.keepa.com', port=443): Read timed out. (read timeout=10.0) - Retrying in 60 seconds...
2025-01-10 03:12:26,546 - DEBUG - Executing single product query
2025-01-10 03:12:26,558 - DEBUG - Estimated time to complete 1 request(s) is 0.50 minutes
2025-01-10 03:12:26,558 - DEBUG - 	with a refill rate of 1 token(s) per minute
2025-01-10 03:12:27,004 - DEBUG - 0 tokens consumed
2025-01-10 03:12:27,004 - WARNING - Waiting 290 seconds for additional tokens
2025-01-10 03:17:17,383 - DEBUG - 0 tokens consumed
2025-01-10 03:17:18,012 - DEBUG - 5 tokens consumed
2025-01-10 03:17:18,072 - INFO - [118/7512] Data saved for ASIN B0CYHF6PF4
2025-01-10 03:18:18,087 - DEBUG - Executing single product query
2025-01-10 03:18:18,092 - DEBUG - Estimated time to complete 1 request(s) is 4.99 minutes
2025-01-10 03:18:18,093 - DEBUG - 	with a refill rate of 1 token(s) per minute
2025-01-10 03:18:19,105 - DEBUG - 0 tokens consumed
2025-01-10 03:18:19,105 - WARNING - Waiting 239 seconds for additional tokens
2025-01-10 03:22:18,567 - DEBUG - 0 tokens consumed
2025-01-10 03:22:25,273 - DEBUG - 6 tokens consumed
2025-01-10 03:22:25,371 - INFO - [119/7512] Data saved for ASIN B0021WZPWI
2025-01-10 03:23:25,405 - DEBUG - Executing single product query
2025-01-10 03:23:25,420 - DEBUG - Estimated time to complete 1 request(s) is 5.99 minutes
2025-01-10 03:23:25,421 - DEBUG - 	with a refill rate of 1 token(s) per minute
2025-01-10 03:23:25,844 - DEBUG - 0 tokens consumed
2025-01-10 03:23:25,844 - WARNING - Waiting 293 seconds for additional tokens
2025-01-10 03:28:19,566 - DEBUG - 0 tokens consumed
2025-01-10 03:28:29,890 - WARNING - [120/7512] Error processing ASIN B01BV4IMK8 (Attempt 1/3): HTTPSConnectionPool(host='api.keepa.com', port=443): Read timed out. (read timeout=10.0) - Retrying in 60 seconds...
2025-01-10 03:29:29,912 - DEBUG - Executing single product query
2025-01-10 03:29:29,926 - DEBUG - Estimated time to complete 1 request(s) is 0.50 minutes
2025-01-10 03:29:29,928 - DEBUG - 	with a refill rate of 1 token(s) per minute
2025-01-10 03:29:30,378 - DEBUG - 0 tokens consumed
2025-01-10 03:29:30,380 - WARNING - Waiting 290 seconds for additional tokens
2025-01-10 03:34:20,746 - DEBUG - 0 tokens consumed
2025-01-10 03:34:31,088 - WARNING - [120/7512] Error processing ASIN B01BV4IMK8 (Attempt 2/3): HTTPSConnectionPool(host='api.keepa.com', port=443): Read timed out. (read timeout=10.0) - Retrying in 60 seconds...
2025-01-10 03:35:31,127 - DEBUG - Executing single product query
2025-01-10 03:35:31,168 - DEBUG - Estimated time to complete 1 request(s) is 0.50 minutes
2025-01-10 03:35:31,169 - DEBUG - 	with a refill rate of 1 token(s) per minute
2025-01-10 03:35:31,644 - DEBUG - 0 tokens consumed
2025-01-10 03:35:31,646 - WARNING - Waiting 230 seconds for additional tokens
2025-01-10 03:39:22,021 - DEBUG - 0 tokens consumed
2025-01-10 03:39:32,360 - ERROR - [120/7512] Error processing ASIN B01BV4IMK8 (Attempt 3/3): HTTPSConnectionPool(host='api.keepa.com', port=443): Read timed out. (read timeout=10.0)
2025-01-10 03:39:32,383 - DEBUG - Executing single product query
2025-01-10 03:39:32,384 - DEBUG - Estimated time to complete 1 request(s) is 0.50 minutes
2025-01-10 03:39:32,386 - DEBUG - 	with a refill rate of 1 token(s) per minute
2025-01-10 03:39:32,807 - DEBUG - 0 tokens consumed
2025-01-10 03:39:32,808 - WARNING - Waiting 350 seconds for additional tokens
2025-01-10 03:45:22,771 - DEBUG - 0 tokens consumed
2025-01-10 03:45:23,765 - DEBUG - 5 tokens consumed
2025-01-10 03:45:24,020 - INFO - [121/7512] Data saved for ASIN B0718YFR4K
2025-01-10 03:46:24,044 - DEBUG - Executing single product query
2025-01-10 03:46:24,061 - DEBUG - Estimated time to complete 1 request(s) is 5.00 minutes
2025-01-10 03:46:24,062 - DEBUG - 	with a refill rate of 1 token(s) per minute
2025-01-10 03:46:24,637 - DEBUG - 0 tokens consumed
2025-01-10 03:46:24,639 - WARNING - Waiting 239 seconds for additional tokens
2025-01-10 03:50:24,330 - DEBUG - 0 tokens consumed
2025-01-10 03:50:33,166 - DEBUG - 1 tokens consumed
2025-01-10 03:50:33,238 - INFO - [122/7512] Data saved for ASIN B08QYRK4XY
2025-01-10 03:51:33,307 - DEBUG - Executing single product query
2025-01-10 03:51:33,322 - DEBUG - Estimated time to complete 1 request(s) is 0.99 minutes
2025-01-10 03:51:33,323 - DEBUG - 	with a refill rate of 1 token(s) per minute
2025-01-10 03:51:33,762 - DEBUG - 0 tokens consumed
2025-01-10 03:51:34,913 - DEBUG - 5 tokens consumed
2025-01-10 03:51:34,954 - INFO - [123/7512] Data saved for ASIN B09BD9F63B
2025-01-10 03:52:34,979 - DEBUG - Executing single product query
2025-01-10 03:52:34,994 - DEBUG - Estimated time to complete 1 request(s) is 4.84 minutes
2025-01-10 03:52:34,996 - DEBUG - 	with a refill rate of 1 token(s) per minute
2025-01-10 03:52:35,427 - DEBUG - 0 tokens consumed
2025-01-10 03:52:35,430 - WARNING - Waiting 230 seconds for additional tokens
2025-01-10 03:56:25,507 - DEBUG - 0 tokens consumed
2025-01-10 03:56:26,511 - DEBUG - 1 tokens consumed
2025-01-10 03:56:26,765 - INFO - [124/7512] Data saved for ASIN B003CL3PTM
2025-01-10 03:57:26,785 - DEBUG - Executing single product query
2025-01-10 03:57:26,810 - DEBUG - Estimated time to complete 1 request(s) is 0.99 minutes
2025-01-10 03:57:26,811 - DEBUG - 	with a refill rate of 1 token(s) per minute
2025-01-10 03:57:27,783 - DEBUG - 0 tokens consumed
2025-01-10 03:57:28,645 - DEBUG - 1 tokens consumed
2025-01-10 03:57:28,742 - INFO - [125/7512] Data saved for ASIN B0002DGRSY
2025-01-10 03:58:28,770 - DEBUG - Executing single product query
2025-01-10 03:58:28,789 - DEBUG - Estimated time to complete 1 request(s) is 0.96 minutes
2025-01-10 03:58:28,791 - DEBUG - 	with a refill rate of 1 token(s) per minute
2025-01-10 03:58:29,443 - DEBUG - 0 tokens consumed
2025-01-10 03:58:39,765 - WARNING - [126/7512] Error processing ASIN B089RGQRXN (Attempt 1/3): HTTPSConnectionPool(host='api.keepa.com', port=443): Read timed out. (read timeout=10.0) - Retrying in 60 seconds...
2025-01-10 03:59:39,783 - DEBUG - Executing single product query
2025-01-10 03:59:39,799 - DEBUG - Estimated time to complete 1 request(s) is 0.50 minutes
2025-01-10 03:59:39,800 - DEBUG - 	with a refill rate of 1 token(s) per minute
2025-01-10 03:59:40,257 - DEBUG - 0 tokens consumed
2025-01-10 03:59:40,258 - WARNING - Waiting 286 seconds for additional tokens
2025-01-10 04:04:27,119 - DEBUG - 0 tokens consumed
2025-01-10 04:04:27,826 - DEBUG - 5 tokens consumed
2025-01-10 04:04:27,884 - INFO - [126/7512] Data saved for ASIN B089RGQRXN
2025-01-10 04:05:27,902 - DEBUG - Executing single product query
2025-01-10 04:05:27,924 - DEBUG - Estimated time to complete 1 request(s) is 5.00 minutes
2025-01-10 04:05:27,926 - DEBUG - 	with a refill rate of 1 token(s) per minute
2025-01-10 04:05:28,362 - DEBUG - 0 tokens consumed
2025-01-10 04:05:28,364 - WARNING - Waiting 240 seconds for additional tokens
2025-01-10 04:09:28,628 - DEBUG - 0 tokens consumed
2025-01-10 04:09:38,953 - WARNING - [127/7512] Error processing ASIN B0042GLVDI (Attempt 1/3): HTTPSConnectionPool(host='api.keepa.com', port=443): Read timed out. (read timeout=10.0) - Retrying in 60 seconds...
2025-01-10 04:10:38,973 - DEBUG - Executing single product query
2025-01-10 04:10:38,978 - DEBUG - Estimated time to complete 1 request(s) is 0.50 minutes
2025-01-10 04:10:38,979 - DEBUG - 	with a refill rate of 1 token(s) per minute
2025-01-10 04:10:39,411 - DEBUG - 0 tokens consumed
2025-01-10 04:10:39,414 - WARNING - Waiting 290 seconds for additional tokens
2025-01-10 04:15:30,819 - DEBUG - 0 tokens consumed
2025-01-10 04:15:32,323 - DEBUG - 5 tokens consumed
2025-01-10 04:15:32,430 - INFO - [127/7512] Data saved for ASIN B0042GLVDI
2025-01-10 04:16:32,447 - DEBUG - Executing single product query
2025-01-10 04:16:32,452 - DEBUG - Estimated time to complete 1 request(s) is 4.97 minutes
2025-01-10 04:16:32,453 - DEBUG - 	with a refill rate of 1 token(s) per minute
2025-01-10 04:16:32,883 - DEBUG - 0 tokens consumed
2025-01-10 04:16:32,884 - WARNING - Waiting 238 seconds for additional tokens
2025-01-10 04:20:30,868 - DEBUG - 0 tokens consumed
2025-01-10 04:20:41,184 - WARNING - [128/7512] Error processing ASIN B07KZCGXPS (Attempt 1/3): HTTPSConnectionPool(host='api.keepa.com', port=443): Read timed out. (read timeout=10.0) - Retrying in 60 seconds...
2025-01-10 04:21:41,209 - DEBUG - Executing single product query
2025-01-10 04:21:41,214 - DEBUG - Estimated time to complete 1 request(s) is 0.50 minutes
2025-01-10 04:21:41,215 - DEBUG - 	with a refill rate of 1 token(s) per minute
2025-01-10 04:21:41,682 - DEBUG - 0 tokens consumed
2025-01-10 04:21:41,686 - WARNING - Waiting 290 seconds for additional tokens
2025-01-10 04:26:31,916 - DEBUG - 0 tokens consumed
2025-01-10 04:26:32,755 - DEBUG - 5 tokens consumed
2025-01-10 04:26:32,827 - INFO - [128/7512] Data saved for ASIN B07KZCGXPS
2025-01-10 04:27:32,859 - DEBUG - Executing single product query
2025-01-10 04:27:32,865 - DEBUG - Estimated time to complete 1 request(s) is 4.99 minutes
2025-01-10 04:27:32,866 - DEBUG - 	with a refill rate of 1 token(s) per minute
2025-01-10 04:27:33,739 - DEBUG - 0 tokens consumed
2025-01-10 04:27:33,741 - WARNING - Waiting 239 seconds for additional tokens
2025-01-10 04:31:33,048 - DEBUG - 0 tokens consumed
2025-01-10 04:31:34,898 - DEBUG - 5 tokens consumed
2025-01-10 04:31:34,989 - INFO - [129/7512] Data saved for ASIN B01BVRL4UA
2025-01-10 04:32:35,014 - DEBUG - Executing single product query
2025-01-10 04:32:35,022 - DEBUG - Estimated time to complete 1 request(s) is 4.99 minutes
2025-01-10 04:32:35,024 - DEBUG - 	with a refill rate of 1 token(s) per minute
2025-01-10 04:32:35,440 - DEBUG - 0 tokens consumed
2025-01-10 04:32:35,442 - WARNING - Waiting 238 seconds for additional tokens
2025-01-10 04:36:34,399 - DEBUG - 0 tokens consumed
2025-01-10 04:36:42,300 - DEBUG - 6 tokens consumed
2025-01-10 04:36:42,397 - INFO - [130/7512] Data saved for ASIN B01EX0H12M
2025-01-10 04:37:42,412 - DEBUG - Executing single product query
2025-01-10 04:37:42,419 - DEBUG - Estimated time to complete 1 request(s) is 5.99 minutes
2025-01-10 04:37:42,420 - DEBUG - 	with a refill rate of 1 token(s) per minute
2025-01-10 04:37:42,850 - DEBUG - 0 tokens consumed
2025-01-10 04:37:42,852 - WARNING - Waiting 292 seconds for additional tokens
2025-01-10 04:42:35,753 - DEBUG - 0 tokens consumed
2025-01-10 04:42:44,460 - DEBUG - 6 tokens consumed
2025-01-10 04:42:44,517 - INFO - [131/7512] Data saved for ASIN B0BWBK16NH
2025-01-10 04:43:44,537 - DEBUG - Executing single product query
2025-01-10 04:43:44,542 - DEBUG - Estimated time to complete 1 request(s) is 5.99 minutes
2025-01-10 04:43:44,543 - DEBUG - 	with a refill rate of 1 token(s) per minute
2025-01-10 04:43:44,975 - DEBUG - 0 tokens consumed
2025-01-10 04:43:44,976 - WARNING - Waiting 291 seconds for additional tokens
2025-01-10 04:48:36,890 - DEBUG - 0 tokens consumed
2025-01-10 04:48:44,303 - DEBUG - 6 tokens consumed
2025-01-10 04:48:44,375 - INFO - [132/7512] Data saved for ASIN B00935OD9C
2025-01-10 04:49:44,389 - DEBUG - Executing single product query
2025-01-10 04:49:44,395 - DEBUG - Estimated time to complete 1 request(s) is 5.99 minutes
2025-01-10 04:49:44,396 - DEBUG - 	with a refill rate of 1 token(s) per minute
2025-01-10 04:49:45,870 - DEBUG - 0 tokens consumed
2025-01-10 04:49:45,871 - WARNING - Waiting 292 seconds for additional tokens
2025-01-10 04:54:38,160 - DEBUG - 0 tokens consumed
2025-01-10 04:54:46,299 - DEBUG - 6 tokens consumed
2025-01-10 04:54:46,401 - INFO - [133/7512] Data saved for ASIN B01MQY1EP6
2025-01-10 04:55:46,416 - DEBUG - Executing single product query
2025-01-10 04:55:46,424 - DEBUG - Estimated time to complete 1 request(s) is 5.99 minutes
2025-01-10 04:55:46,426 - DEBUG - 	with a refill rate of 1 token(s) per minute
2025-01-10 04:55:46,896 - DEBUG - 0 tokens consumed
2025-01-10 04:55:46,898 - WARNING - Waiting 292 seconds for additional tokens
2025-01-10 05:00:39,716 - DEBUG - 0 tokens consumed
2025-01-10 05:00:41,018 - DEBUG - 5 tokens consumed
2025-01-10 05:00:41,060 - INFO - [134/7512] Data saved for ASIN B0CMCQKXCL
2025-01-10 05:01:41,121 - DEBUG - Executing single product query
2025-01-10 05:01:41,124 - DEBUG - Estimated time to complete 1 request(s) is 4.99 minutes
2025-01-10 05:01:41,125 - DEBUG - 	with a refill rate of 1 token(s) per minute
2025-01-10 05:01:41,558 - DEBUG - 0 tokens consumed
2025-01-10 05:01:41,559 - WARNING - Waiting 238 seconds for additional tokens
2025-01-10 05:05:40,543 - DEBUG - 0 tokens consumed
2025-01-10 05:05:47,230 - DEBUG - 6 tokens consumed
2025-01-10 05:05:47,307 - INFO - [135/7512] Data saved for ASIN B08LLGJGJT
2025-01-10 05:06:47,327 - DEBUG - Executing single product query
2025-01-10 05:06:47,338 - DEBUG - Estimated time to complete 1 request(s) is 5.99 minutes
2025-01-10 05:06:47,340 - DEBUG - 	with a refill rate of 1 token(s) per minute
2025-01-10 05:06:47,804 - DEBUG - 0 tokens consumed
2025-01-10 05:06:47,807 - WARNING - Waiting 293 seconds for additional tokens
2025-01-10 05:11:42,791 - DEBUG - 0 tokens consumed
2025-01-10 05:11:53,120 - WARNING - [136/7512] Error processing ASIN B07QSCFSVH (Attempt 1/3): HTTPSConnectionPool(host='api.keepa.com', port=443): Read timed out. (read timeout=10.0) - Retrying in 60 seconds...
2025-01-10 05:12:53,141 - DEBUG - Executing single product query
2025-01-10 05:12:53,148 - DEBUG - Estimated time to complete 1 request(s) is 0.50 minutes
2025-01-10 05:12:53,150 - DEBUG - 	with a refill rate of 1 token(s) per minute
2025-01-10 05:12:53,583 - DEBUG - 0 tokens consumed
2025-01-10 05:12:53,585 - WARNING - Waiting 649 seconds for additional tokens
2025-01-10 05:23:42,928 - DEBUG - 0 tokens consumed
2025-01-10 05:23:43,730 - DEBUG - 0 tokens consumed
2025-01-10 05:23:43,731 - WARNING - Waiting 1 seconds for additional tokens
2025-01-10 05:23:45,640 - DEBUG - 0 tokens consumed
2025-01-10 05:23:56,206 - DEBUG - 12 tokens consumed
2025-01-10 05:23:56,300 - INFO - [136/7512] Data saved for ASIN B07QSCFSVH
2025-01-10 05:24:56,328 - DEBUG - Executing single product query
2025-01-10 05:24:56,338 - DEBUG - Estimated time to complete 1 request(s) is 11.97 minutes
2025-01-10 05:24:56,339 - DEBUG - 	with a refill rate of 1 token(s) per minute
2025-01-10 05:24:56,756 - DEBUG - 0 tokens consumed
2025-01-10 05:24:56,758 - WARNING - Waiting 648 seconds for additional tokens
2025-01-10 05:35:45,594 - DEBUG - 0 tokens consumed
2025-01-10 05:35:46,394 - DEBUG - 0 tokens consumed
2025-01-10 05:35:46,396 - WARNING - Waiting 1 seconds for additional tokens
2025-01-10 05:35:48,289 - DEBUG - 0 tokens consumed
2025-01-10 05:35:56,467 - DEBUG - 6 tokens consumed
2025-01-10 05:35:56,576 - INFO - [137/7512] Data saved for ASIN B085M9NBKX
2025-01-10 05:36:56,590 - DEBUG - Executing single product query
2025-01-10 05:36:56,598 - DEBUG - Estimated time to complete 1 request(s) is 5.97 minutes
2025-01-10 05:36:56,599 - DEBUG - 	with a refill rate of 1 token(s) per minute
2025-01-10 05:36:57,014 - DEBUG - 0 tokens consumed
2025-01-10 05:36:57,016 - WARNING - Waiting 291 seconds for additional tokens
2025-01-10 05:41:49,135 - DEBUG - 0 tokens consumed
2025-01-10 05:41:50,629 - DEBUG - 5 tokens consumed
2025-01-10 05:41:50,686 - INFO - [138/7512] Data saved for ASIN B09F8NLGCD
2025-01-10 05:42:50,709 - DEBUG - Executing single product query
2025-01-10 05:42:50,735 - DEBUG - Estimated time to complete 1 request(s) is 4.98 minutes
2025-01-10 05:42:50,737 - DEBUG - 	with a refill rate of 1 token(s) per minute
2025-01-10 05:42:51,347 - DEBUG - 0 tokens consumed
2025-01-10 05:42:51,348 - WARNING - Waiting 237 seconds for additional tokens
2025-01-10 05:46:49,236 - DEBUG - 0 tokens consumed
2025-01-10 05:46:59,547 - WARNING - [139/7512] Error processing ASIN B005CUTWDE (Attempt 1/3): HTTPSConnectionPool(host='api.keepa.com', port=443): Read timed out. (read timeout=10.0) - Retrying in 60 seconds...
2025-01-10 05:47:59,564 - DEBUG - Executing single product query
2025-01-10 05:47:59,577 - DEBUG - Estimated time to complete 1 request(s) is 0.50 minutes
2025-01-10 05:47:59,578 - DEBUG - 	with a refill rate of 1 token(s) per minute
2025-01-10 05:48:00,005 - DEBUG - 0 tokens consumed
2025-01-10 05:48:00,008 - WARNING - Waiting 290 seconds for additional tokens
2025-01-10 05:52:50,269 - DEBUG - 0 tokens consumed
2025-01-10 05:52:51,118 - DEBUG - 5 tokens consumed
2025-01-10 05:52:51,200 - INFO - [139/7512] Data saved for ASIN B005CUTWDE
2025-01-10 05:53:51,227 - DEBUG - Executing single product query
2025-01-10 05:53:51,248 - DEBUG - Estimated time to complete 1 request(s) is 4.99 minutes
2025-01-10 05:53:51,250 - DEBUG - 	with a refill rate of 1 token(s) per minute
2025-01-10 05:53:51,705 - DEBUG - 0 tokens consumed
2025-01-10 05:53:51,707 - WARNING - Waiting 239 seconds for additional tokens
2025-01-10 05:57:51,470 - DEBUG - 0 tokens consumed
2025-01-10 05:58:01,833 - WARNING - [140/7512] Error processing ASIN B09K9FDLFN (Attempt 1/3): HTTPSConnectionPool(host='api.keepa.com', port=443): Read timed out. (read timeout=10.0) - Retrying in 60 seconds...
2025-01-10 05:59:01,863 - DEBUG - Executing single product query
2025-01-10 05:59:01,875 - DEBUG - Estimated time to complete 1 request(s) is 0.50 minutes
2025-01-10 05:59:01,878 - DEBUG - 	with a refill rate of 1 token(s) per minute
2025-01-10 05:59:02,309 - DEBUG - 0 tokens consumed
2025-01-10 05:59:02,311 - WARNING - Waiting 290 seconds for additional tokens
2025-01-10 06:03:52,686 - DEBUG - 0 tokens consumed
2025-01-10 06:03:53,511 - DEBUG - 5 tokens consumed
2025-01-10 06:03:53,602 - INFO - [140/7512] Data saved for ASIN B09K9FDLFN
2025-01-10 06:04:53,626 - DEBUG - Executing single product query
2025-01-10 06:04:53,654 - DEBUG - Estimated time to complete 1 request(s) is 4.99 minutes
2025-01-10 06:04:53,655 - DEBUG - 	with a refill rate of 1 token(s) per minute
2025-01-10 06:04:54,256 - DEBUG - 0 tokens consumed
2025-01-10 06:04:54,258 - WARNING - Waiting 239 seconds for additional tokens
2025-01-10 06:08:53,869 - DEBUG - 0 tokens consumed
2025-01-10 06:09:04,228 - WARNING - [141/7512] Error processing ASIN B09M7NLLCS (Attempt 1/3): HTTPSConnectionPool(host='api.keepa.com', port=443): Read timed out. (read timeout=10.0) - Retrying in 60 seconds...
2025-01-10 06:10:04,255 - DEBUG - Executing single product query
2025-01-10 06:10:04,274 - DEBUG - Estimated time to complete 1 request(s) is 0.50 minutes
2025-01-10 06:10:04,274 - DEBUG - 	with a refill rate of 1 token(s) per minute
2025-01-10 06:10:04,689 - DEBUG - 0 tokens consumed
2025-01-10 06:10:04,690 - WARNING - Waiting 290 seconds for additional tokens
2025-01-10 06:14:54,835 - DEBUG - 0 tokens consumed
2025-01-10 06:14:56,641 - DEBUG - 5 tokens consumed
2025-01-10 06:14:56,714 - INFO - [141/7512] Data saved for ASIN B09M7NLLCS
2025-01-10 06:15:56,737 - DEBUG - Executing single product query
2025-01-10 06:15:56,758 - DEBUG - Estimated time to complete 1 request(s) is 4.99 minutes
2025-01-10 06:15:56,759 - DEBUG - 	with a refill rate of 1 token(s) per minute
2025-01-10 06:15:57,209 - DEBUG - 0 tokens consumed
2025-01-10 06:15:57,217 - WARNING - Waiting 238 seconds for additional tokens
2025-01-10 06:19:55,979 - DEBUG - 0 tokens consumed
2025-01-10 06:19:56,705 - DEBUG - 5 tokens consumed
2025-01-10 06:19:56,774 - INFO - [142/7512] Data saved for ASIN B09D8QYHND
2025-01-10 06:20:56,794 - DEBUG - Executing single product query
2025-01-10 06:20:56,812 - DEBUG - Estimated time to complete 1 request(s) is 4.99 minutes
2025-01-10 06:20:56,813 - DEBUG - 	with a refill rate of 1 token(s) per minute
2025-01-10 06:20:57,239 - DEBUG - 0 tokens consumed
2025-01-10 06:20:57,241 - WARNING - Waiting 239 seconds for additional tokens
2025-01-10 06:24:57,046 - DEBUG - 0 tokens consumed
2025-01-10 06:25:06,057 - DEBUG - 6 tokens consumed
2025-01-10 06:25:06,120 - INFO - [143/7512] Data saved for ASIN B0CKLYW5GY
2025-01-10 06:26:06,141 - DEBUG - Executing single product query
2025-01-10 06:26:06,162 - DEBUG - Estimated time to complete 1 request(s) is 6.00 minutes
2025-01-10 06:26:06,164 - DEBUG - 	with a refill rate of 1 token(s) per minute
2025-01-10 06:26:06,585 - DEBUG - 0 tokens consumed
2025-01-10 06:26:06,586 - WARNING - Waiting 291 seconds for additional tokens
2025-01-10 06:30:58,505 - DEBUG - 0 tokens consumed
2025-01-10 06:31:00,305 - DEBUG - 5 tokens consumed
2025-01-10 06:31:00,859 - INFO - [144/7512] Data saved for ASIN B08FL57QSJ
2025-01-10 06:32:00,884 - DEBUG - Executing single product query
2025-01-10 06:32:00,895 - DEBUG - Estimated time to complete 1 request(s) is 4.99 minutes
2025-01-10 06:32:00,897 - DEBUG - 	with a refill rate of 1 token(s) per minute
2025-01-10 06:32:01,343 - DEBUG - 0 tokens consumed
2025-01-10 06:32:01,346 - WARNING - Waiting 238 seconds for additional tokens
2025-01-10 06:35:59,668 - DEBUG - 0 tokens consumed
2025-01-10 06:36:10,079 - DEBUG - 12 tokens consumed
2025-01-10 06:36:10,169 - INFO - [145/7512] Data saved for ASIN B001UDAB6E
2025-01-10 06:37:10,203 - DEBUG - Executing single product query
2025-01-10 06:37:10,214 - DEBUG - Estimated time to complete 1 request(s) is 11.99 minutes
2025-01-10 06:37:10,214 - DEBUG - 	with a refill rate of 1 token(s) per minute
2025-01-10 06:37:10,631 - DEBUG - 0 tokens consumed
2025-01-10 06:37:10,633 - WARNING - Waiting 650 seconds for additional tokens
2025-01-10 06:48:00,694 - DEBUG - 0 tokens consumed
2025-01-10 06:48:01,529 - DEBUG - 0 tokens consumed
2025-01-10 06:48:01,530 - WARNING - Waiting 61 seconds for additional tokens
2025-01-10 06:49:02,863 - DEBUG - 0 tokens consumed
2025-01-10 06:49:04,970 - DEBUG - 1 tokens consumed
2025-01-10 06:49:05,052 - INFO - [146/7512] Data saved for ASIN B01FZ6N0MI
2025-01-10 06:50:05,072 - DEBUG - Executing single product query
2025-01-10 06:50:05,078 - DEBUG - Estimated time to complete 1 request(s) is 0.50 minutes
2025-01-10 06:50:05,080 - DEBUG - 	with a refill rate of 1 token(s) per minute
2025-01-10 06:50:05,512 - DEBUG - 0 tokens consumed
2025-01-10 06:50:06,215 - DEBUG - 5 tokens consumed
2025-01-10 06:50:06,272 - INFO - [147/7512] Data saved for ASIN B07QG84VC8
2025-01-10 06:51:06,304 - DEBUG - Executing single product query
2025-01-10 06:51:06,331 - DEBUG - Estimated time to complete 1 request(s) is 3.94 minutes
2025-01-10 06:51:06,332 - DEBUG - 	with a refill rate of 1 token(s) per minute
2025-01-10 06:51:06,751 - DEBUG - 0 tokens consumed
2025-01-10 06:51:06,753 - WARNING - Waiting 176 seconds for additional tokens
2025-01-10 06:54:03,466 - DEBUG - 0 tokens consumed
2025-01-10 06:54:13,419 - DEBUG - 6 tokens consumed
2025-01-10 06:54:13,523 - INFO - [148/7512] Data saved for ASIN B0BCX4939V
2025-01-10 06:55:13,541 - DEBUG - Executing single product query
2025-01-10 06:55:13,557 - DEBUG - Estimated time to complete 1 request(s) is 5.99 minutes
2025-01-10 06:55:13,558 - DEBUG - 	with a refill rate of 1 token(s) per minute
2025-01-10 06:55:14,425 - DEBUG - 0 tokens consumed
2025-01-10 06:55:14,426 - WARNING - Waiting 289 seconds for additional tokens
2025-01-10 07:00:04,491 - DEBUG - 0 tokens consumed
2025-01-10 07:00:07,791 - DEBUG - 1 tokens consumed
2025-01-10 07:00:07,866 - INFO - [149/7512] Data saved for ASIN B01GX0SNHC
2025-01-10 07:01:07,899 - DEBUG - Executing single product query
2025-01-10 07:01:07,924 - DEBUG - Estimated time to complete 1 request(s) is 0.99 minutes
2025-01-10 07:01:07,925 - DEBUG - 	with a refill rate of 1 token(s) per minute
2025-01-10 07:01:08,363 - DEBUG - 0 tokens consumed
2025-01-10 07:01:18,690 - WARNING - [150/7512] Error processing ASIN B00D5ZTWRE (Attempt 1/3): HTTPSConnectionPool(host='api.keepa.com', port=443): Read timed out. (read timeout=10.0) - Retrying in 60 seconds...
2025-01-10 07:02:18,707 - DEBUG - Executing single product query
2025-01-10 07:02:18,713 - DEBUG - Estimated time to complete 1 request(s) is 0.50 minutes
2025-01-10 07:02:18,714 - DEBUG - 	with a refill rate of 1 token(s) per minute
2025-01-10 07:02:19,142 - DEBUG - 0 tokens consumed
2025-01-10 07:02:19,145 - WARNING - Waiting 286 seconds for additional tokens
2025-01-10 07:07:05,682 - DEBUG - 0 tokens consumed
2025-01-10 07:07:06,508 - DEBUG - 5 tokens consumed
2025-01-10 07:07:06,589 - INFO - [150/7512] Data saved for ASIN B00D5ZTWRE
2025-01-10 07:08:06,615 - DEBUG - Executing single product query
2025-01-10 07:08:06,630 - DEBUG - Estimated time to complete 1 request(s) is 4.99 minutes
2025-01-10 07:08:06,631 - DEBUG - 	with a refill rate of 1 token(s) per minute
2025-01-10 07:08:07,504 - DEBUG - 0 tokens consumed
2025-01-10 07:08:07,505 - WARNING - Waiting 239 seconds for additional tokens
2025-01-10 07:12:06,955 - DEBUG - 0 tokens consumed
2025-01-10 07:12:15,763 - DEBUG - 6 tokens consumed
2025-01-10 07:12:15,825 - INFO - [151/7512] Data saved for ASIN B07VC2SLTH
2025-01-10 07:13:15,852 - DEBUG - Executing single product query
2025-01-10 07:13:15,864 - DEBUG - Estimated time to complete 1 request(s) is 5.99 minutes
2025-01-10 07:13:15,865 - DEBUG - 	with a refill rate of 1 token(s) per minute
2025-01-10 07:13:16,290 - DEBUG - 0 tokens consumed
2025-01-10 07:13:16,291 - WARNING - Waiting 291 seconds for additional tokens
2025-01-10 07:18:07,916 - DEBUG - 0 tokens consumed
2025-01-10 07:18:08,894 - DEBUG - 5 tokens consumed
2025-01-10 07:18:08,960 - INFO - [152/7512] Data saved for ASIN B07F2MHBR2
2025-01-10 07:19:08,983 - DEBUG - Executing single product query
2025-01-10 07:19:09,005 - DEBUG - Estimated time to complete 1 request(s) is 5.00 minutes
2025-01-10 07:19:09,006 - DEBUG - 	with a refill rate of 1 token(s) per minute
2025-01-10 07:19:09,694 - DEBUG - 0 tokens consumed
2025-01-10 07:19:09,695 - WARNING - Waiting 239 seconds for additional tokens
2025-01-10 07:23:09,412 - DEBUG - 0 tokens consumed
2025-01-10 07:23:16,769 - DEBUG - 6 tokens consumed
2025-01-10 07:23:16,857 - INFO - [153/7512] Data saved for ASIN B0000AH3QT
2025-01-10 07:24:16,902 - DEBUG - Executing single product query
2025-01-10 07:24:16,909 - DEBUG - Estimated time to complete 1 request(s) is 5.99 minutes
2025-01-10 07:24:16,910 - DEBUG - 	with a refill rate of 1 token(s) per minute
2025-01-10 07:24:17,327 - DEBUG - 0 tokens consumed
2025-01-10 07:24:17,329 - WARNING - Waiting 293 seconds for additional tokens
2025-01-10 07:29:10,686 - DEBUG - 0 tokens consumed
2025-01-10 07:29:17,476 - DEBUG - 12 tokens consumed
2025-01-10 07:29:17,598 - INFO - [154/7512] Data saved for ASIN B00BGWA8OE
2025-01-10 07:30:17,624 - DEBUG - Executing single product query
2025-01-10 07:30:17,630 - DEBUG - Estimated time to complete 1 request(s) is 11.99 minutes
2025-01-10 07:30:17,631 - DEBUG - 	with a refill rate of 1 token(s) per minute
2025-01-10 07:30:18,072 - DEBUG - 0 tokens consumed
2025-01-10 07:30:18,075 - WARNING - Waiting 653 seconds for additional tokens
2025-01-10 07:41:11,880 - DEBUG - 0 tokens consumed
2025-01-10 07:41:12,731 - DEBUG - 0 tokens consumed
2025-01-10 07:41:21,791 - DEBUG - 6 tokens consumed
2025-01-10 07:41:21,857 - INFO - [155/7512] Data saved for ASIN B0C1HG6XC8
2025-01-10 07:42:21,873 - DEBUG - Executing single product query
2025-01-10 07:42:21,883 - DEBUG - Estimated time to complete 1 request(s) is 6.00 minutes
2025-01-10 07:42:21,884 - DEBUG - 	with a refill rate of 1 token(s) per minute
2025-01-10 07:42:22,323 - DEBUG - 0 tokens consumed
2025-01-10 07:42:22,325 - WARNING - Waiting 291 seconds for additional tokens
2025-01-10 07:47:14,201 - DEBUG - 0 tokens consumed
2025-01-10 07:47:22,255 - DEBUG - 6 tokens consumed
2025-01-10 07:47:22,336 - INFO - [156/7512] Data saved for ASIN B006HX5PNQ
2025-01-10 07:48:22,351 - DEBUG - Executing single product query
2025-01-10 07:48:22,356 - DEBUG - Estimated time to complete 1 request(s) is 5.99 minutes
2025-01-10 07:48:22,357 - DEBUG - 	with a refill rate of 1 token(s) per minute
2025-01-10 07:48:22,834 - DEBUG - 0 tokens consumed
2025-01-10 07:48:22,836 - WARNING - Waiting 292 seconds for additional tokens
2025-01-10 07:53:15,441 - DEBUG - 0 tokens consumed
2025-01-10 07:53:16,488 - DEBUG - 5 tokens consumed
2025-01-10 07:53:16,641 - INFO - [157/7512] Data saved for ASIN B003O7ZON4
2025-01-10 07:54:16,669 - DEBUG - Executing single product query
2025-01-10 07:54:16,685 - DEBUG - Estimated time to complete 1 request(s) is 4.99 minutes
2025-01-10 07:54:16,687 - DEBUG - 	with a refill rate of 1 token(s) per minute
2025-01-10 07:54:17,101 - DEBUG - 0 tokens consumed
2025-01-10 07:54:17,103 - WARNING - Waiting 239 seconds for additional tokens
2025-01-10 07:58:16,701 - DEBUG - 0 tokens consumed
2025-01-10 07:58:24,163 - DEBUG - 6 tokens consumed
2025-01-10 07:58:24,243 - INFO - [158/7512] Data saved for ASIN B004XLBVGE
2025-01-10 07:59:24,267 - DEBUG - Executing single product query
2025-01-10 07:59:24,272 - DEBUG - Estimated time to complete 1 request(s) is 5.99 minutes
2025-01-10 07:59:24,273 - DEBUG - 	with a refill rate of 1 token(s) per minute
2025-01-10 07:59:24,703 - DEBUG - 0 tokens consumed
2025-01-10 07:59:24,706 - WARNING - Waiting 293 seconds for additional tokens
2025-01-10 08:04:17,767 - DEBUG - 0 tokens consumed
2025-01-10 08:04:23,787 - DEBUG - 6 tokens consumed
2025-01-10 08:04:23,862 - INFO - [159/7512] Data saved for ASIN B00IYI0LR2
2025-01-10 08:05:23,878 - DEBUG - Executing single product query
2025-01-10 08:05:23,892 - DEBUG - Estimated time to complete 1 request(s) is 5.99 minutes
2025-01-10 08:05:23,893 - DEBUG - 	with a refill rate of 1 token(s) per minute
2025-01-10 08:05:24,346 - DEBUG - 0 tokens consumed
2025-01-10 08:05:24,348 - WARNING - Waiting 294 seconds for additional tokens
2025-01-10 08:10:18,992 - DEBUG - 0 tokens consumed
2025-01-10 08:10:25,231 - DEBUG - 6 tokens consumed
2025-01-10 08:10:25,289 - INFO - [160/7512] Data saved for ASIN B0BPW8G3VR
2025-01-10 08:11:25,318 - DEBUG - Executing single product query
2025-01-10 08:11:25,324 - DEBUG - Estimated time to complete 1 request(s) is 5.99 minutes
2025-01-10 08:11:25,325 - DEBUG - 	with a refill rate of 1 token(s) per minute
2025-01-10 08:11:25,752 - DEBUG - 0 tokens consumed
2025-01-10 08:11:25,755 - WARNING - Waiting 294 seconds for additional tokens
2025-01-10 08:16:20,365 - DEBUG - 0 tokens consumed
2025-01-10 08:16:26,108 - DEBUG - 6 tokens consumed
2025-01-10 08:16:26,153 - INFO - [161/7512] Data saved for ASIN B0BW3CVN3V
2025-01-10 08:17:26,172 - DEBUG - Executing single product query
2025-01-10 08:17:26,183 - DEBUG - Estimated time to complete 1 request(s) is 5.99 minutes
2025-01-10 08:17:26,185 - DEBUG - 	with a refill rate of 1 token(s) per minute
2025-01-10 08:17:26,602 - DEBUG - 0 tokens consumed
2025-01-10 08:17:26,604 - WARNING - Waiting 294 seconds for additional tokens
2025-01-10 08:22:21,526 - DEBUG - 0 tokens consumed
2025-01-10 08:22:28,324 - DEBUG - 6 tokens consumed
2025-01-10 08:22:28,426 - INFO - [162/7512] Data saved for ASIN B000PKWKMQ
2025-01-10 08:23:28,470 - DEBUG - Executing single product query
2025-01-10 08:23:28,494 - DEBUG - Estimated time to complete 1 request(s) is 6.00 minutes
2025-01-10 08:23:28,495 - DEBUG - 	with a refill rate of 1 token(s) per minute
2025-01-10 08:23:28,950 - DEBUG - 0 tokens consumed
2025-01-10 08:23:28,951 - WARNING - Waiting 294 seconds for additional tokens
2025-01-10 08:28:22,941 - DEBUG - 0 tokens consumed
2025-01-10 08:28:24,019 - DEBUG - 5 tokens consumed
2025-01-10 08:28:24,103 - INFO - [163/7512] Data saved for ASIN B0081Z77LG
2025-01-10 08:29:24,147 - DEBUG - Executing single product query
2025-01-10 08:29:24,171 - DEBUG - Estimated time to complete 1 request(s) is 4.99 minutes
2025-01-10 08:29:24,172 - DEBUG - 	with a refill rate of 1 token(s) per minute
2025-01-10 08:29:24,590 - DEBUG - 0 tokens consumed
2025-01-10 08:29:24,591 - WARNING - Waiting 239 seconds for additional tokens
2025-01-10 08:33:24,178 - DEBUG - 0 tokens consumed
2025-01-10 08:33:34,981 - DEBUG - 6 tokens consumed
2025-01-10 08:33:35,125 - INFO - [164/7512] Data saved for ASIN B00006IX59
2025-01-10 08:34:35,146 - DEBUG - Executing single product query
2025-01-10 08:34:35,165 - DEBUG - Estimated time to complete 1 request(s) is 5.99 minutes
2025-01-10 08:34:35,167 - DEBUG - 	with a refill rate of 1 token(s) per minute
2025-01-10 08:34:35,581 - DEBUG - 0 tokens consumed
2025-01-10 08:34:35,584 - WARNING - Waiting 289 seconds for additional tokens
2025-01-10 08:39:25,140 - DEBUG - 0 tokens consumed
2025-01-10 08:39:32,445 - DEBUG - 6 tokens consumed
2025-01-10 08:39:32,518 - INFO - [165/7512] Data saved for ASIN B07KGY1F9Q
2025-01-10 08:40:32,546 - DEBUG - Executing single product query
2025-01-10 08:40:32,567 - DEBUG - Estimated time to complete 1 request(s) is 5.99 minutes
2025-01-10 08:40:32,570 - DEBUG - 	with a refill rate of 1 token(s) per minute
2025-01-10 08:40:33,016 - DEBUG - 0 tokens consumed
2025-01-10 08:40:33,018 - WARNING - Waiting 293 seconds for additional tokens
2025-01-10 08:45:26,358 - DEBUG - 0 tokens consumed
2025-01-10 08:45:33,716 - DEBUG - 6 tokens consumed
2025-01-10 08:45:33,847 - INFO - [166/7512] Data saved for ASIN B00280MUJY
2025-01-10 08:46:34,309 - DEBUG - Executing single product query
2025-01-10 08:46:34,655 - DEBUG - Estimated time to complete 1 request(s) is 5.99 minutes
2025-01-10 08:46:34,671 - DEBUG - 	with a refill rate of 1 token(s) per minute
2025-01-10 08:46:35,794 - DEBUG - 0 tokens consumed
2025-01-10 08:46:35,858 - WARNING - Waiting 291 seconds for additional tokens
2025-01-10 08:51:27,724 - DEBUG - 0 tokens consumed
2025-01-10 08:51:37,664 - DEBUG - 6 tokens consumed
2025-01-10 08:51:37,780 - INFO - [167/7512] Data saved for ASIN B010IGL3QA
2025-01-10 08:52:37,816 - DEBUG - Executing single product query
2025-01-10 08:52:37,821 - DEBUG - Estimated time to complete 1 request(s) is 5.99 minutes
2025-01-10 08:52:37,822 - DEBUG - 	with a refill rate of 1 token(s) per minute
2025-01-10 08:52:38,250 - DEBUG - 0 tokens consumed
2025-01-10 08:52:38,251 - WARNING - Waiting 290 seconds for additional tokens
2025-01-10 08:57:28,848 - DEBUG - 0 tokens consumed
2025-01-10 08:57:38,839 - DEBUG - 6 tokens consumed
2025-01-10 08:57:38,961 - INFO - [168/7512] Data saved for ASIN B001B4TV1I
2025-01-10 08:58:39,015 - DEBUG - Executing single product query
2025-01-10 08:58:39,037 - DEBUG - Estimated time to complete 1 request(s) is 6.00 minutes
2025-01-10 08:58:39,039 - DEBUG - 	with a refill rate of 1 token(s) per minute
2025-01-10 08:58:39,497 - DEBUG - 0 tokens consumed
2025-01-10 08:58:39,499 - WARNING - Waiting 290 seconds for additional tokens
2025-01-10 09:03:30,283 - DEBUG - 0 tokens consumed
2025-01-10 09:03:33,037 - DEBUG - 1 tokens consumed
2025-01-10 09:03:33,196 - INFO - [169/7512] Data saved for ASIN B00027465G
2025-01-10 09:04:33,209 - DEBUG - Executing single product query
2025-01-10 09:04:33,215 - DEBUG - Estimated time to complete 1 request(s) is 0.99 minutes
2025-01-10 09:04:33,216 - DEBUG - 	with a refill rate of 1 token(s) per minute
2025-01-10 09:04:33,642 - DEBUG - 0 tokens consumed
2025-01-10 09:04:39,295 - DEBUG - 6 tokens consumed
2025-01-10 09:04:39,359 - INFO - [170/7512] Data saved for ASIN B00CI50JFG
2025-01-10 09:05:39,383 - DEBUG - Executing single product query
2025-01-10 09:05:39,399 - DEBUG - Estimated time to complete 1 request(s) is 5.94 minutes
2025-01-10 09:05:39,400 - DEBUG - 	with a refill rate of 1 token(s) per minute
2025-01-10 09:05:40,937 - DEBUG - 0 tokens consumed
2025-01-10 09:05:40,939 - WARNING - Waiting 290 seconds for additional tokens
2025-01-10 09:10:32,764 - DEBUG - 0 tokens consumed
2025-01-10 09:10:43,102 - WARNING - [171/7512] Error processing ASIN B075LTG2Q5 (Attempt 1/3): HTTPSConnectionPool(host='api.keepa.com', port=443): Read timed out. (read timeout=10.0) - Retrying in 60 seconds...
2025-01-10 09:11:43,126 - DEBUG - Executing single product query
2025-01-10 09:11:43,131 - DEBUG - Estimated time to complete 1 request(s) is 0.50 minutes
2025-01-10 09:11:43,133 - DEBUG - 	with a refill rate of 1 token(s) per minute
2025-01-10 09:11:43,570 - DEBUG - 0 tokens consumed
2025-01-10 09:11:43,573 - WARNING - Waiting 289 seconds for additional tokens
2025-01-10 09:16:32,892 - DEBUG - 0 tokens consumed
2025-01-10 09:16:34,638 - DEBUG - 5 tokens consumed
2025-01-10 09:16:34,750 - INFO - [171/7512] Data saved for ASIN B075LTG2Q5
2025-01-10 09:17:34,768 - DEBUG - Executing single product query
2025-01-10 09:17:34,792 - DEBUG - Estimated time to complete 1 request(s) is 4.01 minutes
2025-01-10 09:17:34,796 - DEBUG - 	with a refill rate of 1 token(s) per minute
2025-01-10 09:17:35,242 - DEBUG - 0 tokens consumed
2025-01-10 09:17:35,244 - WARNING - Waiting 239 seconds for additional tokens
2025-01-10 09:21:34,508 - DEBUG - 0 tokens consumed
2025-01-10 09:21:44,830 - WARNING - [172/7512] Error processing ASIN B08C3X6Y2F (Attempt 1/3): HTTPSConnectionPool(host='api.keepa.com', port=443): Read timed out. (read timeout=10.0) - Retrying in 60 seconds...
2025-01-10 09:22:44,851 - DEBUG - Executing single product query
2025-01-10 09:22:44,856 - DEBUG - Estimated time to complete 1 request(s) is 0.50 minutes
2025-01-10 09:22:44,858 - DEBUG - 	with a refill rate of 1 token(s) per minute
2025-01-10 09:22:45,287 - DEBUG - 0 tokens consumed
2025-01-10 09:22:52,823 - DEBUG - 6 tokens consumed
2025-01-10 09:22:52,927 - INFO - [172/7512] Data saved for ASIN B08C3X6Y2F
